d:\workspace_c3\mytoolkit\stock\x64\debug\stock.pch
d:\workspace_c3\mytoolkit\stock\x64\debug\vc90.pdb
d:\workspace_c3\mytoolkit\stock\x64\debug\stdafx.obj
d:\workspace_c3\mytoolkit\stock\x64\debug\stockdatalog.obj
d:\workspace_c3\mytoolkit\stock\x64\debug\stockdatamodel.obj
d:\workspace_c3\mytoolkit\stock\x64\debug\stockdoc.obj
d:\workspace_c3\mytoolkit\stock\x64\debug\stockgroupdlg.obj
d:\workspace_c3\mytoolkit\stock\x64\debug\stockhomepageview.obj
d:\workspace_c3\mytoolkit\stock\x64\debug\stockinfo.obj
d:\workspace_c3\mytoolkit\stock\x64\debug\stockinfoview.obj
d:\workspace_c3\mytoolkit\stock\x64\debug\stockplatesview.obj
d:\workspace_c3\mytoolkit\stock\x64\debug\stockrangeset.obj
d:\workspace_c3\mytoolkit\stock\x64\debug\stockview.obj
d:\workspace_c3\mytoolkit\stock\x64\debug\techanalysisevent.obj
d:\workspace_c3\mytoolkit\stock\x64\debug\technicalanalysis.obj
d:\workspace_c3\mytoolkit\stock\x64\debug\tipdialog.obj
d:\workspace_c3\mytoolkit\stock\x64\debug\tradingdaily.obj
d:\workspace_c3\mytoolkit\stock\x64\debug\viewtree.obj
d:\workspace_c3\mytoolkit\stock\x64\debug\volume.obj
d:\workspace_c3\mytoolkit\stock\x64\debug\xmlparser.obj
d:\workspace_c3\mytoolkit\stock\x64\debug\zombiestocklistview.obj
d:\workspace_c3\mytoolkit\stock\x64\debug\splashscreenex.obj
d:\workspace_c3\mytoolkit\stock\x64\debug\statsgovcnchartview.obj
d:\workspace_c3\mytoolkit\stock\x64\debug\statsgovcndoc.obj
d:\workspace_c3\mytoolkit\stock\x64\debug\statsgovcngridview.obj
d:\workspace_c3\mytoolkit\stock\x64\debug\statsgovmenudlg.obj
d:\workspace_c3\mytoolkit\stock\x64\debug\stochasticsoscillatorkdj.obj
d:\workspace_c3\mytoolkit\stock\x64\debug\propertieswnd.obj
d:\workspace_c3\mytoolkit\stock\x64\debug\readwrit.obj
d:\workspace_c3\mytoolkit\stock\x64\debug\relativestrengthindex.obj
d:\workspace_c3\mytoolkit\stock\x64\debug\selfselectplatedlg.obj
d:\workspace_c3\mytoolkit\stock\x64\debug\selfselectstockplates.obj
d:\workspace_c3\mytoolkit\stock\x64\debug\sendmail.obj
d:\workspace_c3\mytoolkit\stock\x64\debug\shanghaiindexview.obj
d:\workspace_c3\mytoolkit\stock\x64\debug\shenzhenmarketquotation.obj
d:\workspace_c3\mytoolkit\stock\x64\debug\simpleinputbox.obj
d:\workspace_c3\mytoolkit\stock\x64\debug\simulatedaccount.obj
d:\workspace_c3\mytoolkit\stock\x64\debug\simulatedaccountanalysis.obj
d:\workspace_c3\mytoolkit\stock\x64\debug\simulatedaccountlistview.obj
d:\workspace_c3\mytoolkit\stock\x64\debug\simulatedaccountmacd.obj
d:\workspace_c3\mytoolkit\stock\x64\debug\sohufundholdcsvfileshow.obj
d:\workspace_c3\mytoolkit\stock\x64\debug\platecsindexdynamicpeview.obj
d:\workspace_c3\mytoolkit\stock\x64\debug\platecurrentassetsturnoverratioview.obj
d:\workspace_c3\mytoolkit\stock\x64\debug\platedealdetaildailyview.obj
d:\workspace_c3\mytoolkit\stock\x64\debug\platedebttoassetsratioview.obj
d:\workspace_c3\mytoolkit\stock\x64\debug\platedebttocapitalratioview.obj
d:\workspace_c3\mytoolkit\stock\x64\debug\platefixedassetsturnoverratioview.obj
d:\workspace_c3\mytoolkit\stock\x64\debug\platefundholdview.obj
d:\workspace_c3\mytoolkit\stock\x64\debug\plategrossprofitlistview.obj
d:\workspace_c3\mytoolkit\stock\x64\debug\plategrossprofitrategrowthview.obj
d:\workspace_c3\mytoolkit\stock\x64\debug\plateinventoryturnoverratioview.obj
d:\workspace_c3\mytoolkit\stock\x64\debug\plateliquidityratioview.obj
d:\workspace_c3\mytoolkit\stock\x64\debug\platemainincomegrowthview.obj
d:\workspace_c3\mytoolkit\stock\x64\debug\platenetfixedassestsgrowthview.obj
d:\workspace_c3\mytoolkit\stock\x64\debug\platenetprofitsratioview.obj
d:\workspace_c3\mytoolkit\stock\x64\debug\plateselectdlg.obj
d:\workspace_c3\mytoolkit\stock\x64\debug\plateshanghaiindexview.obj
d:\workspace_c3\mytoolkit\stock\x64\debug\platestocklistview.obj
d:\workspace_c3\mytoolkit\stock\x64\debug\platetotalassetsgrowthview.obj
d:\workspace_c3\mytoolkit\stock\x64\debug\platetotalassetsturnoverratioview.obj
d:\workspace_c3\mytoolkit\stock\x64\debug\plateturnoverrateview.obj
d:\workspace_c3\mytoolkit\stock\x64\debug\messagestring.obj
d:\workspace_c3\mytoolkit\stock\x64\debug\messagestringmanager.obj
d:\workspace_c3\mytoolkit\stock\x64\debug\movingaverages.obj
d:\workspace_c3\mytoolkit\stock\x64\debug\multilinelistbox.obj
d:\workspace_c3\mytoolkit\stock\x64\debug\mysplitterwndex.obj
d:\workspace_c3\mytoolkit\stock\x64\debug\gridcellcheck.obj
d:\workspace_c3\mytoolkit\stock\x64\debug\gridcellcombo.obj
d:\workspace_c3\mytoolkit\stock\x64\debug\gridcellcomposite.obj
d:\workspace_c3\mytoolkit\stock\x64\debug\gridcelldatetime.obj
d:\workspace_c3\mytoolkit\stock\x64\debug\gridcellnumeric.obj
d:\workspace_c3\mytoolkit\stock\x64\debug\gridobj.obj
d:\workspace_c3\mytoolkit\stock\x64\debug\gridurlcell.obj
d:\workspace_c3\mytoolkit\stock\x64\debug\newmat11testview.obj
d:\workspace_c3\mytoolkit\stock\x64\debug\onbalancevolume.obj
d:\workspace_c3\mytoolkit\stock\x64\debug\outputwnd.obj
d:\workspace_c3\mytoolkit\stock\x64\debug\pdfstructuredlg.obj
d:\workspace_c3\mytoolkit\stock\x64\debug\pestocklistview.obj
d:\workspace_c3\mytoolkit\stock\x64\debug\platechangeratesummaryview.obj
d:\workspace_c3\mytoolkit\stock\x64\debug\platecorrectedmarketvalueview.obj
d:\workspace_c3\mytoolkit\stock\x64\debug\individualsharedoc.obj
d:\workspace_c3\mytoolkit\stock\x64\debug\individualshareview.obj
d:\workspace_c3\mytoolkit\stock\x64\debug\individualsummaryview.obj
d:\workspace_c3\mytoolkit\stock\x64\debug\individualszsepeview.obj
d:\workspace_c3\mytoolkit\stock\x64\debug\individualvolumeview.obj
d:\workspace_c3\mytoolkit\stock\x64\debug\individualyahoopeview.obj
d:\workspace_c3\mytoolkit\stock\x64\debug\indizombieanalysisview.obj
d:\workspace_c3\mytoolkit\stock\x64\debug\inputtextdlg.obj
d:\workspace_c3\mytoolkit\stock\x64\debug\macdlistview.obj
d:\workspace_c3\mytoolkit\stock\x64\debug\macdstocklistview.obj
d:\workspace_c3\mytoolkit\stock\x64\debug\maconvergencedivergence.obj
d:\workspace_c3\mytoolkit\stock\x64\debug\mainfrm.obj
d:\workspace_c3\mytoolkit\stock\x64\debug\mainproductqueryview.obj
d:\workspace_c3\mytoolkit\stock\x64\debug\marketcffexhs300futureview.obj
d:\workspace_c3\mytoolkit\stock\x64\debug\marketcsdcinvestorstatview.obj
d:\workspace_c3\mytoolkit\stock\x64\debug\marketexchagefundview.obj
d:\workspace_c3\mytoolkit\stock\x64\debug\marketmarginguaranteefundview.obj
d:\workspace_c3\mytoolkit\stock\x64\debug\marketsohuindexview.obj
d:\workspace_c3\mytoolkit\stock\x64\debug\matlabshanghaiindex.obj
d:\workspace_c3\mytoolkit\stock\x64\debug\matlabshanghaisohuplateindex.obj
d:\workspace_c3\mytoolkit\stock\x64\debug\indicsindexview.obj
d:\workspace_c3\mytoolkit\stock\x64\debug\indidmiview.obj
d:\workspace_c3\mytoolkit\stock\x64\debug\indifundholdvalueview.obj
d:\workspace_c3\mytoolkit\stock\x64\debug\indigrossprofitrateview.obj
d:\workspace_c3\mytoolkit\stock\x64\debug\indihexunresearchpapaerview.obj
d:\workspace_c3\mytoolkit\stock\x64\debug\indiincomestatementforecastview.obj
d:\workspace_c3\mytoolkit\stock\x64\debug\indimacdview.obj
d:\workspace_c3\mytoolkit\stock\x64\debug\indimainincomegrowthview.obj
d:\workspace_c3\mytoolkit\stock\x64\debug\indimarketindexanalysisview.obj
d:\workspace_c3\mytoolkit\stock\x64\debug\indimcstview.obj
d:\workspace_c3\mytoolkit\stock\x64\debug\indipeandvaluedailyview.obj
d:\workspace_c3\mytoolkit\stock\x64\debug\inditechnicalanalysisroadview.obj
d:\workspace_c3\mytoolkit\stock\x64\debug\individualcapitalflowview.obj
d:\workspace_c3\mytoolkit\stock\x64\debug\individualcapitalstructview.obj
d:\workspace_c3\mytoolkit\stock\x64\debug\individualcostview.obj
d:\workspace_c3\mytoolkit\stock\x64\debug\individualcsvfileview.obj
d:\workspace_c3\mytoolkit\stock\x64\debug\individualcurrentassetview.obj
d:\workspace_c3\mytoolkit\stock\x64\debug\individualdmgraphview.obj
d:\workspace_c3\mytoolkit\stock\x64\debug\individualnetprofitsview.obj
d:\workspace_c3\mytoolkit\stock\x64\debug\individualnoncurrentassetview.obj
d:\workspace_c3\mytoolkit\stock\x64\debug\gridcell.obj
d:\workspace_c3\mytoolkit\stock\x64\debug\gridcellbase.obj
d:\workspace_c3\mytoolkit\stock\x64\debug\gridctrl.obj
d:\workspace_c3\mytoolkit\stock\x64\debug\griddroptarget.obj
d:\workspace_c3\mytoolkit\stock\x64\debug\inplaceedit.obj
d:\workspace_c3\mytoolkit\stock\x64\debug\titletip.obj
d:\workspace_c3\mytoolkit\stock\x64\debug\treecell.obj
d:\workspace_c3\mytoolkit\stock\x64\debug\treegridcell.obj
d:\workspace_c3\mytoolkit\stock\x64\debug\treegridcellcheck.obj
d:\workspace_c3\mytoolkit\stock\x64\debug\treegridctrl.obj
d:\workspace_c3\mytoolkit\stock\x64\debug\hexunresearchpaperlistview.obj
d:\workspace_c3\mytoolkit\stock\x64\debug\htmlparser.obj
d:\workspace_c3\mytoolkit\stock\x64\debug\hushenstockindex.obj
d:\workspace_c3\mytoolkit\stock\x64\debug\incomestatementcsvfileshow.obj
d:\workspace_c3\mytoolkit\stock\x64\debug\indi10jqkabonusview.obj
d:\workspace_c3\mytoolkit\stock\x64\debug\indicashflowsummaryview.obj
d:\workspace_c3\mytoolkit\stock\x64\debug\indicninfoannouncementroadview.obj
d:\workspace_c3\mytoolkit\stock\x64\debug\csindexstockplates.obj
d:\workspace_c3\mytoolkit\stock\x64\debug\csvdocument.obj
d:\workspace_c3\mytoolkit\stock\x64\debug\csvfile.obj
d:\workspace_c3\mytoolkit\stock\x64\debug\csvview.obj
d:\workspace_c3\mytoolkit\stock\x64\debug\databaseview.obj
d:\workspace_c3\mytoolkit\stock\x64\debug\dealdetaildatedlg.obj
d:\workspace_c3\mytoolkit\stock\x64\debug\directionalmovement.obj
d:\workspace_c3\mytoolkit\stock\x64\debug\dyncitemeditdlg.obj
d:\workspace_c3\mytoolkit\stock\x64\debug\dyncitemfinddlg.obj
d:\workspace_c3\mytoolkit\stock\x64\debug\fileview.obj
d:\workspace_c3\mytoolkit\stock\x64\debug\financereport.obj
d:\workspace_c3\mytoolkit\stock\x64\debug\findstockbycode.obj
d:\workspace_c3\mytoolkit\stock\x64\debug\findstockbypinyin.obj
d:\workspace_c3\mytoolkit\stock\x64\debug\classview.obj
d:\workspace_c3\mytoolkit\stock\x64\debug\cninfoannouncementlistview.obj
d:\workspace_c3\mytoolkit\stock\x64\debug\cninfoannouncepdflistview.obj
d:\workspace_c3\mytoolkit\stock\x64\debug\cninfogetlandlistview.obj
d:\workspace_c3\mytoolkit\stock\x64\debug\cninfoincentiveplanlistview.obj
d:\workspace_c3\mytoolkit\stock\x64\debug\cninfoshareholdinglistview.obj
d:\workspace_c3\mytoolkit\stock\x64\debug\cninfoshareholdingstatisticsview.obj
d:\workspace_c3\mytoolkit\stock\x64\debug\color.obj
d:\workspace_c3\mytoolkit\stock\x64\debug\colourpicker.obj
d:\workspace_c3\mytoolkit\stock\x64\debug\colourpopup.obj
d:\workspace_c3\mytoolkit\stock\x64\debug\comboboxext.obj
d:\workspace_c3\mytoolkit\stock\x64\debug\comboboxextlist.obj
d:\workspace_c3\mytoolkit\stock\x64\debug\compileutf8range.obj
d:\workspace_c3\mytoolkit\stock\x64\debug\chartctrl.obj
d:\workspace_c3\mytoolkit\stock\x64\debug\chartcursor.obj
d:\workspace_c3\mytoolkit\stock\x64\debug\chartdatetimeaxis.obj
d:\workspace_c3\mytoolkit\stock\x64\debug\chartdraglinecursor.obj
d:\workspace_c3\mytoolkit\stock\x64\debug\chartfont.obj
d:\workspace_c3\mytoolkit\stock\x64\debug\chartganttserie.obj
d:\workspace_c3\mytoolkit\stock\x64\debug\chartgradient.obj
d:\workspace_c3\mytoolkit\stock\x64\debug\chartgrid.obj
d:\workspace_c3\mytoolkit\stock\x64\debug\chartlegend.obj
d:\workspace_c3\mytoolkit\stock\x64\debug\chartlineserie.obj
d:\workspace_c3\mytoolkit\stock\x64\debug\chartlogarithmicaxis.obj
d:\workspace_c3\mytoolkit\stock\x64\debug\chartpointsserie.obj
d:\workspace_c3\mytoolkit\stock\x64\debug\chartscrollbar.obj
d:\workspace_c3\mytoolkit\stock\x64\debug\chartserie.obj
d:\workspace_c3\mytoolkit\stock\x64\debug\chartstandardaxis.obj
d:\workspace_c3\mytoolkit\stock\x64\debug\chartsurfaceserie.obj
d:\workspace_c3\mytoolkit\stock\x64\debug\charttitle.obj
d:\workspace_c3\mytoolkit\stock\x64\debug\chartxyserie.obj
d:\workspace_c3\mytoolkit\stock\x64\debug\childfrm.obj
d:\workspace_c3\mytoolkit\stock\x64\debug\childsplitterfrm.obj
d:\workspace_c3\mytoolkit\stock\x64\debug\calculatetask.obj
d:\workspace_c3\mytoolkit\stock\x64\debug\calcupdatestockinfo.obj
d:\workspace_c3\mytoolkit\stock\x64\debug\candlesticksjapan.obj
d:\workspace_c3\mytoolkit\stock\x64\debug\candlesticksjapanlistview.obj
d:\workspace_c3\mytoolkit\stock\x64\debug\cashflowscsvfileshow.obj
d:\workspace_c3\mytoolkit\stock\x64\debug\cdmgraphctrl.obj
d:\workspace_c3\mytoolkit\stock\x64\debug\cdyncdlg.obj
d:\workspace_c3\mytoolkit\stock\x64\debug\chartaxis.obj
d:\workspace_c3\mytoolkit\stock\x64\debug\chartaxislabel.obj
d:\workspace_c3\mytoolkit\stock\x64\debug\chartbarserie.obj
d:\workspace_c3\mytoolkit\stock\x64\debug\chartcandlestickserie.obj
d:\workspace_c3\mytoolkit\stock\x64\debug\chartcrosshaircursor.obj
d:\workspace_c3\mytoolkit\stock\x64\debug\calcmcstlistdata.obj
d:\workspace_c3\mytoolkit\stock\x64\debug\calcmcstviewdata.obj
d:\workspace_c3\mytoolkit\stock\x64\debug\calcnewmat11test.obj
d:\workspace_c3\mytoolkit\stock\x64\debug\calcpeandvaluedaily.obj
d:\workspace_c3\mytoolkit\stock\x64\debug\calcpegrossstocklist.obj
d:\workspace_c3\mytoolkit\stock\x64\debug\calcpestocklist.obj
d:\workspace_c3\mytoolkit\stock\x64\debug\calcrecentbonuscashsummary.obj
d:\workspace_c3\mytoolkit\stock\x64\debug\calcrecentstocksummary.obj
d:\workspace_c3\mytoolkit\stock\x64\debug\calcsimulatedaccountquery.obj
d:\workspace_c3\mytoolkit\stock\x64\debug\calcsipfsettlementfunddownload.obj
d:\workspace_c3\mytoolkit\stock\x64\debug\calcsohuindexdaily.obj
d:\workspace_c3\mytoolkit\stock\x64\debug\calcsohumainincomecompodownload.obj
d:\workspace_c3\mytoolkit\stock\x64\debug\calcsohutradingdaily.obj
d:\workspace_c3\mytoolkit\stock\x64\debug\calcssemargintradingdownload.obj
d:\workspace_c3\mytoolkit\stock\x64\debug\calcstatsgovcn.obj
d:\workspace_c3\mytoolkit\stock\x64\debug\calcszseindexdailydownload.obj
d:\workspace_c3\mytoolkit\stock\x64\debug\calcszsemargintradingdownload.obj
d:\workspace_c3\mytoolkit\stock\x64\debug\calctechnicalanalysisroadmap.obj
d:\workspace_c3\mytoolkit\stock\x64\debug\calcthisyearbonussummary.obj
d:\workspace_c3\mytoolkit\stock\x64\debug\calculatestockinfoex.obj
d:\workspace_c3\mytoolkit\stock\x64\debug\calccsindex.obj
d:\workspace_c3\mytoolkit\stock\x64\debug\calccsipedailydownload.obj
d:\workspace_c3\mytoolkit\stock\x64\debug\calcdealdetaildaily.obj
d:\workspace_c3\mytoolkit\stock\x64\debug\calcfinancedownload.obj
d:\workspace_c3\mytoolkit\stock\x64\debug\calcfinancereport.obj
d:\workspace_c3\mytoolkit\stock\x64\debug\calcforecastdownload.obj
d:\workspace_c3\mytoolkit\stock\x64\debug\calcgrossprofit.obj
d:\workspace_c3\mytoolkit\stock\x64\debug\calchexunresearchpaperquery.obj
d:\workspace_c3\mytoolkit\stock\x64\debug\calcincomestatementforecast.obj
d:\workspace_c3\mytoolkit\stock\x64\debug\calcmacdlistdata.obj
d:\workspace_c3\mytoolkit\stock\x64\debug\calcmacdquery.obj
d:\workspace_c3\mytoolkit\stock\x64\debug\calcmacdviewdata.obj
d:\workspace_c3\mytoolkit\stock\x64\debug\calcmainincomegrowth.obj
d:\workspace_c3\mytoolkit\stock\x64\debug\calcmainincomeyeargrowth.obj
d:\workspace_c3\mytoolkit\stock\x64\debug\calcmainprofityeargrowth.obj
d:\workspace_c3\mytoolkit\stock\x64\debug\calcmarketexchangefund.obj
d:\workspace_c3\mytoolkit\stock\x64\debug\calcmarketmarginguaranteefund.obj
d:\workspace_c3\mytoolkit\stock\x64\debug\calcmarketvalue.obj
d:\workspace_c3\mytoolkit\stock\x64\debug\calcmarketvaluesimple.obj
d:\workspace_c3\mytoolkit\stock\x64\debug\calcmarketvaluesimpledaily.obj
d:\workspace_c3\mytoolkit\stock\x64\debug\calcassetsgrowth.obj
d:\workspace_c3\mytoolkit\stock\x64\debug\calcbollquery.obj
d:\workspace_c3\mytoolkit\stock\x64\debug\calccandlesticksjapanquery.obj
d:\workspace_c3\mytoolkit\stock\x64\debug\calccapistructdownload.obj
d:\workspace_c3\mytoolkit\stock\x64\debug\calccapitalflow.obj
d:\workspace_c3\mytoolkit\stock\x64\debug\calccffexfuturehs300.obj
d:\workspace_c3\mytoolkit\stock\x64\debug\calccninfoannouceroadmap.obj
d:\workspace_c3\mytoolkit\stock\x64\debug\calccninfoannouncementquery.obj
d:\workspace_c3\mytoolkit\stock\x64\debug\calccninfoannouncepdfquery.obj
d:\workspace_c3\mytoolkit\stock\x64\debug\calccninfogetlandquery.obj
d:\workspace_c3\mytoolkit\stock\x64\debug\calccninfoincentiveplanquery.obj
d:\workspace_c3\mytoolkit\stock\x64\debug\calccninfoshareholdingquery.obj
d:\workspace_c3\mytoolkit\stock\x64\debug\calccninfoshareholdingstatistics.obj
d:\workspace_c3\mytoolkit\stock\x64\debug\calccsdcfundinsettlementstatdownload.obj
d:\workspace_c3\mytoolkit\stock\x64\debug\calccsdcinvestorstat.obj
d:\workspace_c3\mytoolkit\stock\x64\debug\calccsdcinvestorstatdownload.obj
d:\workspace_c3\mytoolkit\stock\x64\debug\calccsdcsecurityissuestatdownload.obj
d:\workspace_c3\mytoolkit\stock\x64\debug\calccsdctransferbonusstatdownload.obj
d:\workspace_c3\mytoolkit\stock\x64\debug\calccsicsrcpedailydownload.obj
d:\workspace_c3\mytoolkit\stock\x64\debug\calccsidynamicpestocklist.obj
d:\workspace_c3\mytoolkit\stock\x64\debug\balancecsvfileshow.obj
d:\workspace_c3\mytoolkit\stock\x64\debug\basechartctlview.obj
d:\workspace_c3\mytoolkit\stock\x64\debug\basecsvfileshow.obj
d:\workspace_c3\mytoolkit\stock\x64\debug\basegridctlview.obj
d:\workspace_c3\mytoolkit\stock\x64\debug\basehtmlview.obj
d:\workspace_c3\mytoolkit\stock\x64\debug\basematlabview.obj
d:\workspace_c3\mytoolkit\stock\x64\debug\basemessagecontrol.obj
d:\workspace_c3\mytoolkit\stock\x64\debug\basemessageelementsparser.obj
d:\workspace_c3\mytoolkit\stock\x64\debug\basemessageformview.obj
d:\workspace_c3\mytoolkit\stock\x64\debug\basemessageview.obj
d:\workspace_c3\mytoolkit\stock\x64\debug\basericheditformview.obj
d:\workspace_c3\mytoolkit\stock\x64\debug\bcmenu.obj
d:\workspace_c3\mytoolkit\stock\x64\debug\bollingerbands.obj
d:\workspace_c3\mytoolkit\stock\x64\debug\bolllistview.obj
d:\workspace_c3\mytoolkit\stock\x64\debug\btnst.obj
d:\workspace_c3\mytoolkit\stock\x64\debug\bussinessutils.obj
d:\workspace_c3\mytoolkit\stock\x64\debug\calc10jqkabonusviewdata.obj
d:\workspace_c3\mytoolkit\stock\x64\debug\calcaddissuancesummary.obj
d:\workspace_c3\mytoolkit\stock\x64\debug\absolutebreadthindex.obj
d:\workspace_c3\mytoolkit\stock\x64\debug\abstractindex.obj
d:\workspace_c3\mytoolkit\stock\x64\debug\accumulationdistributionline.obj
d:\workspace_c3\mytoolkit\stock\x64\debug\alladdissuancelistview.obj
d:\workspace_c3\mytoolkit\stock\x64\debug\allcsidynamicpestocklistview.obj
d:\workspace_c3\mytoolkit\stock\x64\debug\allmainincomeyeargrowthstocklistview.obj
d:\workspace_c3\mytoolkit\stock\x64\debug\allmainprofityeargrowthstocklistview.obj
d:\workspace_c3\mytoolkit\stock\x64\debug\allmcststocklistview.obj
d:\workspace_c3\mytoolkit\stock\x64\debug\allrecentbonuscashstocklistview.obj
d:\workspace_c3\mytoolkit\stock\x64\debug\allstocklistview.obj
d:\workspace_c3\mytoolkit\stock\x64\debug\allthisyearbonuslistview.obj
d:\workspace_c3\mytoolkit\stock\x64\debug\autodownloaddoc.obj
d:\workspace_c3\mytoolkit\stock\x64\debug\autodownloadthread.obj
d:\workspace_c3\mytoolkit\stock\x64\debug\autodownloadview.obj
d:\workspace_c3\mytoolkit\stock\x64\debug\szsemargintrading.obj
d:\workspace_c3\mytoolkit\stock\x64\debug\urlutils.obj
d:\workspace_c3\mytoolkit\stock\x64\debug\sohumainincomecomposition.obj
d:\workspace_c3\mytoolkit\stock\x64\debug\sohuperformanceforecast.obj
d:\workspace_c3\mytoolkit\stock\x64\debug\souhustockplates.obj
d:\workspace_c3\mytoolkit\stock\x64\debug\souhutradingdaily.obj
d:\workspace_c3\mytoolkit\stock\x64\debug\ssemargintrading.obj
d:\workspace_c3\mytoolkit\stock\x64\debug\statsgovcn.obj
d:\workspace_c3\mytoolkit\stock\x64\debug\statsgovfsjd.obj
d:\workspace_c3\mytoolkit\stock\x64\debug\statsgovfsnd.obj
d:\workspace_c3\mytoolkit\stock\x64\debug\statsgovfsyd.obj
d:\workspace_c3\mytoolkit\stock\x64\debug\statsgovhgjd.obj
d:\workspace_c3\mytoolkit\stock\x64\debug\statsgovhgnd.obj
d:\workspace_c3\mytoolkit\stock\x64\debug\statsgovhgyd.obj
d:\workspace_c3\mytoolkit\stock\x64\debug\stock.obj
d:\workspace_c3\mytoolkit\stock\x64\debug\shanghaistockinfo.obj
d:\workspace_c3\mytoolkit\stock\x64\debug\shenzhenindexdaily.obj
d:\workspace_c3\mytoolkit\stock\x64\debug\shenzhenindexlist.obj
d:\workspace_c3\mytoolkit\stock\x64\debug\shenzhenindexyangben.obj
d:\workspace_c3\mytoolkit\stock\x64\debug\sinadealdetail.obj
d:\workspace_c3\mytoolkit\stock\x64\debug\sohufundhold.obj
d:\workspace_c3\mytoolkit\stock\x64\debug\sohuindexdaily.obj
d:\workspace_c3\mytoolkit\stock\x64\debug\neteasetradedaily.obj
d:\workspace_c3\mytoolkit\stock\x64\debug\hexunresearchpaper.obj
d:\workspace_c3\mytoolkit\stock\x64\debug\incomestatement.obj
d:\workspace_c3\mytoolkit\stock\x64\debug\csdcfundinsettlementstat.obj
d:\workspace_c3\mytoolkit\stock\x64\debug\csdcinvestorstat.obj
d:\workspace_c3\mytoolkit\stock\x64\debug\csdcsecurityissuestat.obj
d:\workspace_c3\mytoolkit\stock\x64\debug\csdctransferbonusstat.obj
d:\workspace_c3\mytoolkit\stock\x64\debug\csicsrcpedaily.obj
d:\workspace_c3\mytoolkit\stock\x64\debug\csipedaily.obj
d:\workspace_c3\mytoolkit\stock\x64\debug\databasedoc.obj
d:\workspace_c3\mytoolkit\stock\x64\debug\fundinsettlement.obj
d:\workspace_c3\mytoolkit\stock\x64\debug\cninfoannouncement.obj
d:\workspace_c3\mytoolkit\stock\x64\debug\cninfobonus.obj
d:\workspace_c3\mytoolkit\stock\x64\debug\cninfocsv.obj
d:\workspace_c3\mytoolkit\stock\x64\debug\cninfodelistinglist.obj
d:\workspace_c3\mytoolkit\stock\x64\debug\cninfoplacementofshare.obj
d:\workspace_c3\mytoolkit\stock\x64\debug\cninfostockinfo.obj
d:\workspace_c3\mytoolkit\stock\x64\debug\cninfosuspendlist.obj
d:\workspace_c3\mytoolkit\stock\x64\debug\capitalflows163.obj
d:\workspace_c3\mytoolkit\stock\x64\debug\capitalstructof10jqka.obj
d:\workspace_c3\mytoolkit\stock\x64\debug\capitalstructure.obj
d:\workspace_c3\mytoolkit\stock\x64\debug\cashflows.obj
d:\workspace_c3\mytoolkit\stock\x64\debug\cffexfuturedaily.obj
d:\workspace_c3\mytoolkit\stock\x64\debug\cfiaddissuance.obj
d:\workspace_c3\mytoolkit\stock\x64\debug\cfibonus.obj
d:\workspace_c3\mytoolkit\stock\x64\debug\cfiplacementofshare.obj
d:\workspace_c3\mytoolkit\stock\x64\debug\balance.obj
d:\workspace_c3\mytoolkit\stock\x64\debug\bonusof10jqka.obj
d:\workspace_c3\mytoolkit\stock\x64\debug\basicexcel.obj
d:\workspace_c3\mytoolkit\stock\x64\debug\json_reader.obj
d:\workspace_c3\mytoolkit\stock\x64\debug\json_value.obj
d:\workspace_c3\mytoolkit\stock\x64\debug\json_writer.obj
d:\workspace_c3\mytoolkit\stock\x64\debug\jmutex.obj
d:\workspace_c3\mytoolkit\stock\x64\debug\splitchinese.obj
d:\workspace_c3\mytoolkit\x64\debug\stock.ilk
d:\workspace_c3\mytoolkit\x64\debug\stock.exe
d:\workspace_c3\mytoolkit\stock\x64\debug\stock.exe.intermediate.manifest
d:\workspace_c3\mytoolkit\x64\debug\stock.pdb
d:\workspace_c3\mytoolkit\stock\x64\debug\stock.exe.embed.manifest
d:\workspace_c3\mytoolkit\stock\x64\debug\stock.res
d:\workspace_c3\mytoolkit\stock\x64\debug\stock.exe.embed.manifest.res
d:\workspace_c3\mytoolkit\stock\x64\debug\cl.command.1.tlog
d:\workspace_c3\mytoolkit\stock\x64\debug\cl.read.1.tlog
d:\workspace_c3\mytoolkit\stock\x64\debug\cl.write.1.tlog
d:\workspace_c3\mytoolkit\stock\x64\debug\link-cvtres.read.1.tlog
d:\workspace_c3\mytoolkit\stock\x64\debug\link-cvtres.write.1.tlog
d:\workspace_c3\mytoolkit\stock\x64\debug\link.13216-cvtres.read.1.tlog
d:\workspace_c3\mytoolkit\stock\x64\debug\link.13216-cvtres.write.1.tlog
d:\workspace_c3\mytoolkit\stock\x64\debug\link.13216.read.1.tlog
d:\workspace_c3\mytoolkit\stock\x64\debug\link.13216.write.1.tlog
d:\workspace_c3\mytoolkit\stock\x64\debug\link.14556-cvtres.read.1.tlog
d:\workspace_c3\mytoolkit\stock\x64\debug\link.14556-cvtres.write.1.tlog
d:\workspace_c3\mytoolkit\stock\x64\debug\link.14556.read.1.tlog
d:\workspace_c3\mytoolkit\stock\x64\debug\link.14556.write.1.tlog
d:\workspace_c3\mytoolkit\stock\x64\debug\link.15488-cvtres.read.1.tlog
d:\workspace_c3\mytoolkit\stock\x64\debug\link.15488-cvtres.write.1.tlog
d:\workspace_c3\mytoolkit\stock\x64\debug\link.15488.read.1.tlog
d:\workspace_c3\mytoolkit\stock\x64\debug\link.15488.write.1.tlog
d:\workspace_c3\mytoolkit\stock\x64\debug\link.15540-cvtres.read.1.tlog
d:\workspace_c3\mytoolkit\stock\x64\debug\link.15540-cvtres.write.1.tlog
d:\workspace_c3\mytoolkit\stock\x64\debug\link.15540.read.1.tlog
d:\workspace_c3\mytoolkit\stock\x64\debug\link.15540.write.1.tlog
d:\workspace_c3\mytoolkit\stock\x64\debug\link.16704-cvtres.read.1.tlog
d:\workspace_c3\mytoolkit\stock\x64\debug\link.16704-cvtres.write.1.tlog
d:\workspace_c3\mytoolkit\stock\x64\debug\link.16704.read.1.tlog
d:\workspace_c3\mytoolkit\stock\x64\debug\link.16704.write.1.tlog
d:\workspace_c3\mytoolkit\stock\x64\debug\link.18056-cvtres.read.1.tlog
d:\workspace_c3\mytoolkit\stock\x64\debug\link.18056-cvtres.write.1.tlog
d:\workspace_c3\mytoolkit\stock\x64\debug\link.18056.read.1.tlog
d:\workspace_c3\mytoolkit\stock\x64\debug\link.18056.write.1.tlog
d:\workspace_c3\mytoolkit\stock\x64\debug\link.3192-cvtres.read.1.tlog
d:\workspace_c3\mytoolkit\stock\x64\debug\link.3192-cvtres.write.1.tlog
d:\workspace_c3\mytoolkit\stock\x64\debug\link.3192.read.1.tlog
d:\workspace_c3\mytoolkit\stock\x64\debug\link.3192.write.1.tlog
d:\workspace_c3\mytoolkit\stock\x64\debug\link.4308.read.1.tlog
d:\workspace_c3\mytoolkit\stock\x64\debug\link.4308.write.1.tlog
d:\workspace_c3\mytoolkit\stock\x64\debug\link.5352-cvtres.read.1.tlog
d:\workspace_c3\mytoolkit\stock\x64\debug\link.5352-cvtres.write.1.tlog
d:\workspace_c3\mytoolkit\stock\x64\debug\link.5352.read.1.tlog
d:\workspace_c3\mytoolkit\stock\x64\debug\link.5352.write.1.tlog
d:\workspace_c3\mytoolkit\stock\x64\debug\link.command.1.tlog
d:\workspace_c3\mytoolkit\stock\x64\debug\link.read.1.tlog
d:\workspace_c3\mytoolkit\stock\x64\debug\link.write.1.tlog
d:\workspace_c3\mytoolkit\stock\x64\debug\mt.command.1.tlog
d:\workspace_c3\mytoolkit\stock\x64\debug\mt.read.1.tlog
d:\workspace_c3\mytoolkit\stock\x64\debug\mt.write.1.tlog
d:\workspace_c3\mytoolkit\stock\x64\debug\rc.command.1.tlog
d:\workspace_c3\mytoolkit\stock\x64\debug\rc.read.1.tlog
d:\workspace_c3\mytoolkit\stock\x64\debug\rc.write.1.tlog
d:\workspace_c3\mytoolkit\stock\x64\debug\vc90.idb
d:\workspace_c3\mytoolkit\stock\x64\debug\stock_manifest.rc
