f:\workspace\cpp\librecad-2.2.0-rc1\libraries\libdxfrw\x64\debug\drw_entities.obj
f:\workspace\cpp\librecad-2.2.0-rc1\libraries\libdxfrw\x64\debug\dwgbuffer.obj
f:\workspace\cpp\librecad-2.2.0-rc1\libraries\libdxfrw\x64\debug\dwgreader21.obj
f:\workspace\cpp\librecad-2.2.0-rc1\libraries\libdxfrw\x64\debug\dwgreader27.obj
f:\workspace\cpp\librecad-2.2.0-rc1\libraries\libdxfrw\x64\debug\drw_header.obj
f:\workspace\cpp\librecad-2.2.0-rc1\libraries\libdxfrw\x64\debug\dwgreader.obj
f:\workspace\cpp\librecad-2.2.0-rc1\libraries\libdxfrw\x64\debug\dwgutil.obj
f:\workspace\cpp\librecad-2.2.0-rc1\libraries\libdxfrw\x64\debug\libdxfrw.obj
f:\workspace\cpp\librecad-2.2.0-rc1\libraries\libdxfrw\x64\debug\drw_dbg.obj
f:\workspace\cpp\librecad-2.2.0-rc1\libraries\libdxfrw\x64\debug\drw_textcodec.obj
f:\workspace\cpp\librecad-2.2.0-rc1\libraries\libdxfrw\x64\debug\dwgreader18.obj
f:\workspace\cpp\librecad-2.2.0-rc1\libraries\libdxfrw\x64\debug\dxfreader.obj
f:\workspace\cpp\librecad-2.2.0-rc1\libraries\libdxfrw\x64\debug\dxfwriter.obj
f:\workspace\cpp\librecad-2.2.0-rc1\libraries\libdxfrw\x64\debug\libdwgr.obj
f:\workspace\cpp\librecad-2.2.0-rc1\libraries\libdxfrw\x64\debug\drw_classes.obj
f:\workspace\cpp\librecad-2.2.0-rc1\libraries\libdxfrw\x64\debug\drw_objects.obj
f:\workspace\cpp\librecad-2.2.0-rc1\libraries\libdxfrw\x64\debug\dwgreader15.obj
f:\workspace\cpp\librecad-2.2.0-rc1\libraries\libdxfrw\x64\debug\dwgreader24.obj
f:\workspace\cpp\librecad-2.2.0-rc1\libraries\libdxfrw\x64\debug\rscodec.obj
f:\workspace\cpp\librecad-2.2.0-rc1\libraries\libdxfrw\x64\debug\vc141.pdb
f:\workspace\cpp\librecad-2.2.0-rc1\generated\lib\dxfrw.lib
f:\workspace\cpp\librecad-2.2.0-rc1\libraries\libdxfrw\..\..\generated\lib\dxfrw.lib
f:\workspace\cpp\librecad-2.2.0-rc1\libraries\libdxfrw\x64\debug\dxfrw.tlog\cl.10220.write.1.tlog
f:\workspace\cpp\librecad-2.2.0-rc1\libraries\libdxfrw\x64\debug\dxfrw.tlog\cl.command.1.tlog
f:\workspace\cpp\librecad-2.2.0-rc1\libraries\libdxfrw\x64\debug\dxfrw.tlog\cl.read.1.tlog
f:\workspace\cpp\librecad-2.2.0-rc1\libraries\libdxfrw\x64\debug\dxfrw.tlog\lib-link.read.1.tlog
f:\workspace\cpp\librecad-2.2.0-rc1\libraries\libdxfrw\x64\debug\dxfrw.tlog\lib-link.write.1.tlog
f:\workspace\cpp\librecad-2.2.0-rc1\libraries\libdxfrw\x64\debug\dxfrw.tlog\lib.command.1.tlog
