f:\workspace\cpp\librecad-2.2.0-rc1\plugins\asciifile\generatedfiles\release\moc_asciifile.cpp
f:\workspace\cpp\librecad-2.2.0-rc1\windows\resources\plugins\asciifile1.lib
f:\workspace\cpp\librecad-2.2.0-rc1\windows\resources\plugins\asciifile1.exp
f:\workspace\cpp\librecad-2.2.0-rc1\plugins\asciifile\x64\release\asciifile.obj
f:\workspace\cpp\librecad-2.2.0-rc1\plugins\asciifile\x64\release\moc_asciifile.obj
f:\workspace\cpp\librecad-2.2.0-rc1\generated\plugin\asciifile\moc\moc_predefs.h
f:\workspace\cpp\librecad-2.2.0-rc1\windows\resources\plugins\asciifile1.dll
f:\workspace\cpp\librecad-2.2.0-rc1\plugins\asciifile\.\generatedfiles\release\moc_asciifile.cpp
f:\workspace\cpp\librecad-2.2.0-rc1\plugins\asciifile\x64\release\asciifile_resource.res
f:\workspace\cpp\librecad-2.2.0-rc1\plugins\asciifile\..\..\windows\resources\plugins\asciifile1.dll
f:\workspace\cpp\librecad-2.2.0-rc1\plugins\asciifile\x64\release\asciifile.tlog\asciifile.write.1u.tlog
f:\workspace\cpp\librecad-2.2.0-rc1\plugins\asciifile\x64\release\asciifile.tlog\cl.4028.write.1.tlog
f:\workspace\cpp\librecad-2.2.0-rc1\plugins\asciifile\x64\release\asciifile.tlog\cl.command.1.tlog
f:\workspace\cpp\librecad-2.2.0-rc1\plugins\asciifile\x64\release\asciifile.tlog\cl.read.1.tlog
f:\workspace\cpp\librecad-2.2.0-rc1\plugins\asciifile\x64\release\asciifile.tlog\custombuild.command.1.tlog
f:\workspace\cpp\librecad-2.2.0-rc1\plugins\asciifile\x64\release\asciifile.tlog\custombuild.read.1.tlog
f:\workspace\cpp\librecad-2.2.0-rc1\plugins\asciifile\x64\release\asciifile.tlog\custombuild.write.1.tlog
f:\workspace\cpp\librecad-2.2.0-rc1\plugins\asciifile\x64\release\asciifile.tlog\link.command.1.tlog
f:\workspace\cpp\librecad-2.2.0-rc1\plugins\asciifile\x64\release\asciifile.tlog\link.read.1.tlog
f:\workspace\cpp\librecad-2.2.0-rc1\plugins\asciifile\x64\release\asciifile.tlog\link.write.1.tlog
f:\workspace\cpp\librecad-2.2.0-rc1\plugins\asciifile\x64\release\asciifile.tlog\qtmoc.read.1u.tlog
f:\workspace\cpp\librecad-2.2.0-rc1\plugins\asciifile\x64\release\asciifile.tlog\qtmoc.write.1u.tlog
f:\workspace\cpp\librecad-2.2.0-rc1\plugins\asciifile\x64\release\asciifile.tlog\rc.command.1.tlog
f:\workspace\cpp\librecad-2.2.0-rc1\plugins\asciifile\x64\release\asciifile.tlog\rc.read.1.tlog
f:\workspace\cpp\librecad-2.2.0-rc1\plugins\asciifile\x64\release\asciifile.tlog\rc.write.1.tlog
