f:\workspace\cpp\librecad-2.2.0-rc1\plugins\importshp\x64\release\safileio.obj
f:\workspace\cpp\librecad-2.2.0-rc1\plugins\importshp\x64\release\dbfopen.obj
f:\workspace\cpp\librecad-2.2.0-rc1\plugins\importshp\x64\release\shpopen.obj
f:\workspace\cpp\librecad-2.2.0-rc1\plugins\importshp\x64\release\moc_importshp.obj
f:\workspace\cpp\librecad-2.2.0-rc1\plugins\importshp\x64\release\importshp.obj
f:\workspace\cpp\librecad-2.2.0-rc1\generated\plugin\importshp\moc\moc_predefs.h
f:\workspace\cpp\librecad-2.2.0-rc1\plugins\importshp\generatedfiles\release\moc_importshp.cpp
f:\workspace\cpp\librecad-2.2.0-rc1\windows\resources\plugins\importshp1.lib
f:\workspace\cpp\librecad-2.2.0-rc1\windows\resources\plugins\importshp1.exp
f:\workspace\cpp\librecad-2.2.0-rc1\windows\resources\plugins\importshp1.dll
f:\workspace\cpp\librecad-2.2.0-rc1\plugins\importshp\.\generatedfiles\release\moc_importshp.cpp
f:\workspace\cpp\librecad-2.2.0-rc1\plugins\importshp\x64\release\importshp_resource.res
f:\workspace\cpp\librecad-2.2.0-rc1\plugins\importshp\..\..\windows\resources\plugins\importshp1.dll
f:\workspace\cpp\librecad-2.2.0-rc1\plugins\importshp\x64\release\importshp.tlog\cl.10452.write.1.tlog
f:\workspace\cpp\librecad-2.2.0-rc1\plugins\importshp\x64\release\importshp.tlog\cl.command.1.tlog
f:\workspace\cpp\librecad-2.2.0-rc1\plugins\importshp\x64\release\importshp.tlog\cl.read.1.tlog
f:\workspace\cpp\librecad-2.2.0-rc1\plugins\importshp\x64\release\importshp.tlog\custombuild.command.1.tlog
f:\workspace\cpp\librecad-2.2.0-rc1\plugins\importshp\x64\release\importshp.tlog\custombuild.read.1.tlog
f:\workspace\cpp\librecad-2.2.0-rc1\plugins\importshp\x64\release\importshp.tlog\custombuild.write.1.tlog
f:\workspace\cpp\librecad-2.2.0-rc1\plugins\importshp\x64\release\importshp.tlog\importshp.write.1u.tlog
f:\workspace\cpp\librecad-2.2.0-rc1\plugins\importshp\x64\release\importshp.tlog\link.command.1.tlog
f:\workspace\cpp\librecad-2.2.0-rc1\plugins\importshp\x64\release\importshp.tlog\link.read.1.tlog
f:\workspace\cpp\librecad-2.2.0-rc1\plugins\importshp\x64\release\importshp.tlog\link.write.1.tlog
f:\workspace\cpp\librecad-2.2.0-rc1\plugins\importshp\x64\release\importshp.tlog\qtmoc.read.1u.tlog
f:\workspace\cpp\librecad-2.2.0-rc1\plugins\importshp\x64\release\importshp.tlog\qtmoc.write.1u.tlog
f:\workspace\cpp\librecad-2.2.0-rc1\plugins\importshp\x64\release\importshp.tlog\rc.command.1.tlog
f:\workspace\cpp\librecad-2.2.0-rc1\plugins\importshp\x64\release\importshp.tlog\rc.read.1.tlog
f:\workspace\cpp\librecad-2.2.0-rc1\plugins\importshp\x64\release\importshp.tlog\rc.write.1.tlog
