d:\workspace_c3\mytoolkit\expat\x64\debug\xmlparse.obj
d:\workspace_c3\mytoolkit\expat\x64\debug\xmlrole.obj
d:\workspace_c3\mytoolkit\expat\x64\debug\xmltok.obj
d:\workspace_c3\mytoolkit\expat\x64\debug\xmltok_impl.obj
d:\workspace_c3\mytoolkit\expat\x64\debug\xmltok_ns.obj
d:\workspace_c3\mytoolkit\expat\x64\debug\vc90.pdb
d:\workspace_c3\mytoolkit\x64\debug\expat.lib
d:\workspace_c3\mytoolkit\x64\debug\expat.exp
d:\workspace_c3\mytoolkit\x64\debug\expat.ilk
d:\workspace_c3\mytoolkit\x64\debug\expat.dll
d:\workspace_c3\mytoolkit\expat\x64\debug\expat.dll.intermediate.manifest
d:\workspace_c3\mytoolkit\x64\debug\expat.pdb
d:\workspace_c3\mytoolkit\expat\x64\debug\expat.dll.embed.manifest
d:\workspace_c3\mytoolkit\expat\x64\debug\expat.dll.embed.manifest.res
d:\workspace_c3\mytoolkit\expat\x64\debug\cl.command.1.tlog
d:\workspace_c3\mytoolkit\expat\x64\debug\cl.read.1.tlog
d:\workspace_c3\mytoolkit\expat\x64\debug\cl.write.1.tlog
d:\workspace_c3\mytoolkit\expat\x64\debug\expat.write.1.tlog
d:\workspace_c3\mytoolkit\expat\x64\debug\link-cvtres.read.1.tlog
d:\workspace_c3\mytoolkit\expat\x64\debug\link-cvtres.write.1.tlog
d:\workspace_c3\mytoolkit\expat\x64\debug\link.13012-cvtres.read.1.tlog
d:\workspace_c3\mytoolkit\expat\x64\debug\link.13012-cvtres.write.1.tlog
d:\workspace_c3\mytoolkit\expat\x64\debug\link.13012.read.1.tlog
d:\workspace_c3\mytoolkit\expat\x64\debug\link.13012.write.1.tlog
d:\workspace_c3\mytoolkit\expat\x64\debug\link.command.1.tlog
d:\workspace_c3\mytoolkit\expat\x64\debug\link.read.1.tlog
d:\workspace_c3\mytoolkit\expat\x64\debug\link.write.1.tlog
d:\workspace_c3\mytoolkit\expat\x64\debug\mt.command.1.tlog
d:\workspace_c3\mytoolkit\expat\x64\debug\mt.read.1.tlog
d:\workspace_c3\mytoolkit\expat\x64\debug\mt.write.1.tlog
d:\workspace_c3\mytoolkit\expat\x64\debug\rc.command.1.tlog
d:\workspace_c3\mytoolkit\expat\x64\debug\rc.read.1.tlog
d:\workspace_c3\mytoolkit\expat\x64\debug\rc.write.1.tlog
d:\workspace_c3\mytoolkit\expat\x64\debug\vc90.idb
d:\workspace_c3\mytoolkit\expat\x64\debug\expat_manifest.rc
