f:\workspace\cpp\librecad-2.2.0-rc1\plugins\importshp\x64\debug\moc_importshp.obj
f:\workspace\cpp\librecad-2.2.0-rc1\plugins\importshp\x64\debug\importshp.obj
f:\workspace\cpp\librecad-2.2.0-rc1\plugins\importshp\x64\debug\shpopen.obj
f:\workspace\cpp\librecad-2.2.0-rc1\plugins\importshp\x64\debug\safileio.obj
f:\workspace\cpp\librecad-2.2.0-rc1\plugins\importshp\x64\debug\dbfopen.obj
f:\workspace\cpp\librecad-2.2.0-rc1\plugins\importshp\x64\debug\vc141.pdb
f:\workspace\cpp\librecad-2.2.0-rc1\generated\plugin\importshp\moc\moc_predefs.h
f:\workspace\cpp\librecad-2.2.0-rc1\plugins\importshp\generatedfiles\debug\moc_importshp.cpp
f:\workspace\cpp\librecad-2.2.0-rc1\windows\resources\plugins\importshpd1.lib
f:\workspace\cpp\librecad-2.2.0-rc1\windows\resources\plugins\importshpd1.exp
f:\workspace\cpp\librecad-2.2.0-rc1\windows\resources\plugins\importshpd1.ilk
f:\workspace\cpp\librecad-2.2.0-rc1\windows\resources\plugins\importshpd1.dll
f:\workspace\cpp\librecad-2.2.0-rc1\windows\resources\plugins\importshpd1.pdb
f:\workspace\cpp\librecad-2.2.0-rc1\plugins\importshp\.\generatedfiles\debug\moc_importshp.cpp
f:\workspace\cpp\librecad-2.2.0-rc1\plugins\importshp\x64\debug\importshpd_resource.res
f:\workspace\cpp\librecad-2.2.0-rc1\plugins\importshp\..\..\windows\resources\plugins\importshpd1.dll
f:\workspace\cpp\librecad-2.2.0-rc1\plugins\importshp\x64\debug\importshp.tlog\cl.10400.write.1.tlog
f:\workspace\cpp\librecad-2.2.0-rc1\plugins\importshp\x64\debug\importshp.tlog\cl.command.1.tlog
f:\workspace\cpp\librecad-2.2.0-rc1\plugins\importshp\x64\debug\importshp.tlog\cl.read.1.tlog
f:\workspace\cpp\librecad-2.2.0-rc1\plugins\importshp\x64\debug\importshp.tlog\custombuild.command.1.tlog
f:\workspace\cpp\librecad-2.2.0-rc1\plugins\importshp\x64\debug\importshp.tlog\custombuild.read.1.tlog
f:\workspace\cpp\librecad-2.2.0-rc1\plugins\importshp\x64\debug\importshp.tlog\custombuild.write.1.tlog
f:\workspace\cpp\librecad-2.2.0-rc1\plugins\importshp\x64\debug\importshp.tlog\importshp.write.1u.tlog
f:\workspace\cpp\librecad-2.2.0-rc1\plugins\importshp\x64\debug\importshp.tlog\link.command.1.tlog
f:\workspace\cpp\librecad-2.2.0-rc1\plugins\importshp\x64\debug\importshp.tlog\link.read.1.tlog
f:\workspace\cpp\librecad-2.2.0-rc1\plugins\importshp\x64\debug\importshp.tlog\link.write.1.tlog
f:\workspace\cpp\librecad-2.2.0-rc1\plugins\importshp\x64\debug\importshp.tlog\qtmoc.read.1u.tlog
f:\workspace\cpp\librecad-2.2.0-rc1\plugins\importshp\x64\debug\importshp.tlog\qtmoc.write.1u.tlog
f:\workspace\cpp\librecad-2.2.0-rc1\plugins\importshp\x64\debug\importshp.tlog\rc.command.1.tlog
f:\workspace\cpp\librecad-2.2.0-rc1\plugins\importshp\x64\debug\importshp.tlog\rc.read.1.tlog
f:\workspace\cpp\librecad-2.2.0-rc1\plugins\importshp\x64\debug\importshp.tlog\rc.write.1.tlog
