f:\workspace\cpp\librecad-2.2.0-rc1\plugins\sameprop\x64\debug\sameprop.obj
f:\workspace\cpp\librecad-2.2.0-rc1\plugins\sameprop\x64\debug\moc_sameprop.obj
f:\workspace\cpp\librecad-2.2.0-rc1\plugins\sameprop\x64\debug\vc141.pdb
f:\workspace\cpp\librecad-2.2.0-rc1\generated\plugin\sameprop\moc\moc_predefs.h
f:\workspace\cpp\librecad-2.2.0-rc1\windows\resources\plugins\samepropd1.ilk
f:\workspace\cpp\librecad-2.2.0-rc1\windows\resources\plugins\samepropd1.dll
f:\workspace\cpp\librecad-2.2.0-rc1\windows\resources\plugins\samepropd1.pdb
f:\workspace\cpp\librecad-2.2.0-rc1\plugins\sameprop\.\generatedfiles\debug\moc_sameprop.cpp
f:\workspace\cpp\librecad-2.2.0-rc1\plugins\sameprop\x64\debug\samepropd_resource.res
f:\workspace\cpp\librecad-2.2.0-rc1\plugins\sameprop\generatedfiles\debug\moc_sameprop.cpp
f:\workspace\cpp\librecad-2.2.0-rc1\windows\resources\plugins\samepropd1.lib
f:\workspace\cpp\librecad-2.2.0-rc1\windows\resources\plugins\samepropd1.exp
f:\workspace\cpp\librecad-2.2.0-rc1\plugins\sameprop\..\..\windows\resources\plugins\samepropd1.dll
f:\workspace\cpp\librecad-2.2.0-rc1\plugins\sameprop\x64\debug\sameprop.tlog\cl.11232.write.1.tlog
f:\workspace\cpp\librecad-2.2.0-rc1\plugins\sameprop\x64\debug\sameprop.tlog\cl.command.1.tlog
f:\workspace\cpp\librecad-2.2.0-rc1\plugins\sameprop\x64\debug\sameprop.tlog\cl.read.1.tlog
f:\workspace\cpp\librecad-2.2.0-rc1\plugins\sameprop\x64\debug\sameprop.tlog\custombuild.command.1.tlog
f:\workspace\cpp\librecad-2.2.0-rc1\plugins\sameprop\x64\debug\sameprop.tlog\custombuild.read.1.tlog
f:\workspace\cpp\librecad-2.2.0-rc1\plugins\sameprop\x64\debug\sameprop.tlog\custombuild.write.1.tlog
f:\workspace\cpp\librecad-2.2.0-rc1\plugins\sameprop\x64\debug\sameprop.tlog\link.command.1.tlog
f:\workspace\cpp\librecad-2.2.0-rc1\plugins\sameprop\x64\debug\sameprop.tlog\link.read.1.tlog
f:\workspace\cpp\librecad-2.2.0-rc1\plugins\sameprop\x64\debug\sameprop.tlog\link.write.1.tlog
f:\workspace\cpp\librecad-2.2.0-rc1\plugins\sameprop\x64\debug\sameprop.tlog\qtmoc.read.1u.tlog
f:\workspace\cpp\librecad-2.2.0-rc1\plugins\sameprop\x64\debug\sameprop.tlog\qtmoc.write.1u.tlog
f:\workspace\cpp\librecad-2.2.0-rc1\plugins\sameprop\x64\debug\sameprop.tlog\rc.command.1.tlog
f:\workspace\cpp\librecad-2.2.0-rc1\plugins\sameprop\x64\debug\sameprop.tlog\rc.read.1.tlog
f:\workspace\cpp\librecad-2.2.0-rc1\plugins\sameprop\x64\debug\sameprop.tlog\rc.write.1.tlog
f:\workspace\cpp\librecad-2.2.0-rc1\plugins\sameprop\x64\debug\sameprop.tlog\sameprop.write.1u.tlog
