f:\workspace\cpp\librecad-2.2.0-rc1\plugins\align\generatedfiles\debug\moc_align.cpp
f:\workspace\cpp\librecad-2.2.0-rc1\windows\resources\plugins\alignd1.lib
f:\workspace\cpp\librecad-2.2.0-rc1\windows\resources\plugins\alignd1.exp
f:\workspace\cpp\librecad-2.2.0-rc1\plugins\align\x64\debug\align.obj
f:\workspace\cpp\librecad-2.2.0-rc1\plugins\align\x64\debug\moc_align.obj
f:\workspace\cpp\librecad-2.2.0-rc1\plugins\align\x64\debug\vc141.pdb
f:\workspace\cpp\librecad-2.2.0-rc1\generated\plugin\align\moc\moc_predefs.h
f:\workspace\cpp\librecad-2.2.0-rc1\windows\resources\plugins\alignd1.ilk
f:\workspace\cpp\librecad-2.2.0-rc1\windows\resources\plugins\alignd1.dll
f:\workspace\cpp\librecad-2.2.0-rc1\windows\resources\plugins\alignd1.pdb
f:\workspace\cpp\librecad-2.2.0-rc1\plugins\align\.\generatedfiles\debug\moc_align.cpp
f:\workspace\cpp\librecad-2.2.0-rc1\plugins\align\x64\debug\alignd_resource.res
f:\workspace\cpp\librecad-2.2.0-rc1\plugins\align\..\..\windows\resources\plugins\alignd1.dll
f:\workspace\cpp\librecad-2.2.0-rc1\plugins\align\x64\debug\align.tlog\align.write.1u.tlog
f:\workspace\cpp\librecad-2.2.0-rc1\plugins\align\x64\debug\align.tlog\cl.10668.write.1.tlog
f:\workspace\cpp\librecad-2.2.0-rc1\plugins\align\x64\debug\align.tlog\cl.command.1.tlog
f:\workspace\cpp\librecad-2.2.0-rc1\plugins\align\x64\debug\align.tlog\cl.read.1.tlog
f:\workspace\cpp\librecad-2.2.0-rc1\plugins\align\x64\debug\align.tlog\custombuild.command.1.tlog
f:\workspace\cpp\librecad-2.2.0-rc1\plugins\align\x64\debug\align.tlog\custombuild.read.1.tlog
f:\workspace\cpp\librecad-2.2.0-rc1\plugins\align\x64\debug\align.tlog\custombuild.write.1.tlog
f:\workspace\cpp\librecad-2.2.0-rc1\plugins\align\x64\debug\align.tlog\link.command.1.tlog
f:\workspace\cpp\librecad-2.2.0-rc1\plugins\align\x64\debug\align.tlog\link.read.1.tlog
f:\workspace\cpp\librecad-2.2.0-rc1\plugins\align\x64\debug\align.tlog\link.write.1.tlog
f:\workspace\cpp\librecad-2.2.0-rc1\plugins\align\x64\debug\align.tlog\qtmoc.read.1u.tlog
f:\workspace\cpp\librecad-2.2.0-rc1\plugins\align\x64\debug\align.tlog\qtmoc.write.1u.tlog
f:\workspace\cpp\librecad-2.2.0-rc1\plugins\align\x64\debug\align.tlog\rc.command.1.tlog
f:\workspace\cpp\librecad-2.2.0-rc1\plugins\align\x64\debug\align.tlog\rc.read.1.tlog
f:\workspace\cpp\librecad-2.2.0-rc1\plugins\align\x64\debug\align.tlog\rc.write.1.tlog
