f:\workspace\cpp\librecad-2.2.0-rc1\plugins\align\generatedfiles\release\moc_align.cpp
f:\workspace\cpp\librecad-2.2.0-rc1\windows\resources\plugins\align1.lib
f:\workspace\cpp\librecad-2.2.0-rc1\windows\resources\plugins\align1.exp
f:\workspace\cpp\librecad-2.2.0-rc1\plugins\align\x64\release\align.obj
f:\workspace\cpp\librecad-2.2.0-rc1\plugins\align\x64\release\moc_align.obj
f:\workspace\cpp\librecad-2.2.0-rc1\generated\plugin\align\moc\moc_predefs.h
f:\workspace\cpp\librecad-2.2.0-rc1\windows\resources\plugins\align1.dll
f:\workspace\cpp\librecad-2.2.0-rc1\plugins\align\.\generatedfiles\release\moc_align.cpp
f:\workspace\cpp\librecad-2.2.0-rc1\plugins\align\x64\release\align_resource.res
f:\workspace\cpp\librecad-2.2.0-rc1\plugins\align\..\..\windows\resources\plugins\align1.dll
f:\workspace\cpp\librecad-2.2.0-rc1\plugins\align\x64\release\align.tlog\align.write.1u.tlog
f:\workspace\cpp\librecad-2.2.0-rc1\plugins\align\x64\release\align.tlog\cl.7000.write.1.tlog
f:\workspace\cpp\librecad-2.2.0-rc1\plugins\align\x64\release\align.tlog\cl.command.1.tlog
f:\workspace\cpp\librecad-2.2.0-rc1\plugins\align\x64\release\align.tlog\cl.read.1.tlog
f:\workspace\cpp\librecad-2.2.0-rc1\plugins\align\x64\release\align.tlog\custombuild.command.1.tlog
f:\workspace\cpp\librecad-2.2.0-rc1\plugins\align\x64\release\align.tlog\custombuild.read.1.tlog
f:\workspace\cpp\librecad-2.2.0-rc1\plugins\align\x64\release\align.tlog\custombuild.write.1.tlog
f:\workspace\cpp\librecad-2.2.0-rc1\plugins\align\x64\release\align.tlog\link.command.1.tlog
f:\workspace\cpp\librecad-2.2.0-rc1\plugins\align\x64\release\align.tlog\link.read.1.tlog
f:\workspace\cpp\librecad-2.2.0-rc1\plugins\align\x64\release\align.tlog\link.write.1.tlog
f:\workspace\cpp\librecad-2.2.0-rc1\plugins\align\x64\release\align.tlog\qtmoc.read.1u.tlog
f:\workspace\cpp\librecad-2.2.0-rc1\plugins\align\x64\release\align.tlog\qtmoc.write.1u.tlog
f:\workspace\cpp\librecad-2.2.0-rc1\plugins\align\x64\release\align.tlog\rc.command.1.tlog
f:\workspace\cpp\librecad-2.2.0-rc1\plugins\align\x64\release\align.tlog\rc.read.1.tlog
f:\workspace\cpp\librecad-2.2.0-rc1\plugins\align\x64\release\align.tlog\rc.write.1.tlog
