f:\workspace\cpp\librecad-2.2.0-rc1\libraries\libdxfrw\x64\release\drw_entities.obj
f:\workspace\cpp\librecad-2.2.0-rc1\libraries\libdxfrw\x64\release\dwgbuffer.obj
f:\workspace\cpp\librecad-2.2.0-rc1\libraries\libdxfrw\x64\release\dwgreader18.obj
f:\workspace\cpp\librecad-2.2.0-rc1\libraries\libdxfrw\x64\release\dwgreader27.obj
f:\workspace\cpp\librecad-2.2.0-rc1\libraries\libdxfrw\x64\release\libdwgr.obj
f:\workspace\cpp\librecad-2.2.0-rc1\libraries\libdxfrw\x64\release\drw_dbg.obj
f:\workspace\cpp\librecad-2.2.0-rc1\libraries\libdxfrw\x64\release\drw_objects.obj
f:\workspace\cpp\librecad-2.2.0-rc1\libraries\libdxfrw\x64\release\dwgreader.obj
f:\workspace\cpp\librecad-2.2.0-rc1\libraries\libdxfrw\x64\release\dwgreader24.obj
f:\workspace\cpp\librecad-2.2.0-rc1\libraries\libdxfrw\x64\release\dwgutil.obj
f:\workspace\cpp\librecad-2.2.0-rc1\libraries\libdxfrw\x64\release\drw_classes.obj
f:\workspace\cpp\librecad-2.2.0-rc1\libraries\libdxfrw\x64\release\drw_textcodec.obj
f:\workspace\cpp\librecad-2.2.0-rc1\libraries\libdxfrw\x64\release\dwgreader15.obj
f:\workspace\cpp\librecad-2.2.0-rc1\libraries\libdxfrw\x64\release\dwgreader21.obj
f:\workspace\cpp\librecad-2.2.0-rc1\libraries\libdxfrw\x64\release\dxfwriter.obj
f:\workspace\cpp\librecad-2.2.0-rc1\libraries\libdxfrw\x64\release\rscodec.obj
f:\workspace\cpp\librecad-2.2.0-rc1\libraries\libdxfrw\x64\release\drw_header.obj
f:\workspace\cpp\librecad-2.2.0-rc1\libraries\libdxfrw\x64\release\dxfreader.obj
f:\workspace\cpp\librecad-2.2.0-rc1\libraries\libdxfrw\x64\release\libdxfrw.obj
f:\workspace\cpp\librecad-2.2.0-rc1\generated\lib\dxfrw.lib
f:\workspace\cpp\librecad-2.2.0-rc1\libraries\libdxfrw\x64\release\dxfrw.tlog\cl.1812.write.1.tlog
f:\workspace\cpp\librecad-2.2.0-rc1\libraries\libdxfrw\x64\release\dxfrw.tlog\cl.command.1.tlog
f:\workspace\cpp\librecad-2.2.0-rc1\libraries\libdxfrw\x64\release\dxfrw.tlog\cl.read.1.tlog
f:\workspace\cpp\librecad-2.2.0-rc1\libraries\libdxfrw\x64\release\dxfrw.tlog\lib-link.read.1.tlog
f:\workspace\cpp\librecad-2.2.0-rc1\libraries\libdxfrw\x64\release\dxfrw.tlog\lib-link.write.1.tlog
f:\workspace\cpp\librecad-2.2.0-rc1\libraries\libdxfrw\x64\release\dxfrw.tlog\lib.command.1.tlog
