d:\workspace_c3\mytoolkit\gb28181clientmdi\debug\gb28181clientmdi.pch
d:\workspace_c3\mytoolkit\gb28181clientmdi\debug\stdafx.obj
d:\workspace_c3\mytoolkit\gb28181clientmdi\debug\vc90.pdb
d:\workspace_c3\mytoolkit\gb28181clientmdi\debug\fileview.obj
d:\workspace_c3\mytoolkit\gb28181clientmdi\debug\gb28181clientmdi.obj
d:\workspace_c3\mytoolkit\gb28181clientmdi\debug\gb28181clientmdidoc.obj
d:\workspace_c3\mytoolkit\gb28181clientmdi\debug\gb28181clientmdiview.obj
d:\workspace_c3\mytoolkit\gb28181clientmdi\debug\label.obj
d:\workspace_c3\mytoolkit\gb28181clientmdi\debug\mainfrm.obj
d:\workspace_c3\mytoolkit\gb28181clientmdi\debug\outputwnd.obj
d:\workspace_c3\mytoolkit\gb28181clientmdi\debug\playbackpannel.obj
d:\workspace_c3\mytoolkit\gb28181clientmdi\debug\playbackview.obj
d:\workspace_c3\mytoolkit\gb28181clientmdi\debug\playbackwnd.obj
d:\workspace_c3\mytoolkit\gb28181clientmdi\debug\realplaypannel.obj
d:\workspace_c3\mytoolkit\gb28181clientmdi\debug\realplayview.obj
d:\workspace_c3\mytoolkit\gb28181clientmdi\debug\realplaywnd.obj
d:\workspace_c3\mytoolkit\gb28181clientmdi\debug\toolpic.obj
d:\workspace_c3\mytoolkit\gb28181clientmdi\debug\bitmapslider.obj
d:\workspace_c3\mytoolkit\gb28181clientmdi\debug\hyperlink.obj
d:\workspace_c3\mytoolkit\gb28181clientmdi\debug\playtimectrl.obj
d:\workspace_c3\mytoolkit\gb28181clientmdi\debug\skinbutton.obj
d:\workspace_c3\mytoolkit\gb28181clientmdi\debug\skinwnd.obj
d:\workspace_c3\mytoolkit\gb28181clientmdi\debug\viewtree.obj
d:\workspace_c3\mytoolkit\gb28181clientmdi\debug\catalogquerydlg.obj
d:\workspace_c3\mytoolkit\gb28181clientmdi\debug\catalogtreeview.obj
d:\workspace_c3\mytoolkit\gb28181clientmdi\debug\childfrm.obj
d:\workspace_c3\mytoolkit\gb28181clientmdi\debug\classview.obj
d:\workspace_c3\mytoolkit\gb28181clientmdi\debug\jmutex.obj
d:\workspace_c3\mytoolkit\gb28181clientmdi\debug\gb28181clientmdi.res
d:\workspace_c3\mytoolkit\gb28181clientmdi\debug\gb28181clientmdi.exe.embed.manifest.res
d:\workspace_c3\mytoolkit\gb28181clientmdi\debug\cl.command.1.tlog
d:\workspace_c3\mytoolkit\gb28181clientmdi\debug\cl.read.1.tlog
d:\workspace_c3\mytoolkit\gb28181clientmdi\debug\cl.write.1.tlog
d:\workspace_c3\mytoolkit\gb28181clientmdi\debug\link.command.1.tlog
d:\workspace_c3\mytoolkit\gb28181clientmdi\debug\link.read.1.tlog
d:\workspace_c3\mytoolkit\gb28181clientmdi\debug\link.write.1.tlog
d:\workspace_c3\mytoolkit\gb28181clientmdi\debug\rc.command.1.tlog
d:\workspace_c3\mytoolkit\gb28181clientmdi\debug\rc.read.1.tlog
d:\workspace_c3\mytoolkit\gb28181clientmdi\debug\rc.write.1.tlog
d:\workspace_c3\mytoolkit\gb28181clientmdi\debug\gb28181clientmdi.exe.embed.manifest
d:\workspace_c3\mytoolkit\gb28181clientmdi\debug\vc90.idb
d:\workspace_c3\mytoolkit\gb28181clientmdi\debug\gb28181clientmdi_manifest.rc
