f:\workspace\cpp\librecad-2.2.0-rc1\plugins\list\x64\release\moc_list.obj
f:\workspace\cpp\librecad-2.2.0-rc1\plugins\list\x64\release\list.obj
f:\workspace\cpp\librecad-2.2.0-rc1\generated\plugin\list\moc\moc_predefs.h
f:\workspace\cpp\librecad-2.2.0-rc1\windows\resources\plugins\list1.dll
f:\workspace\cpp\librecad-2.2.0-rc1\plugins\list\generatedfiles\release\moc_list.cpp
f:\workspace\cpp\librecad-2.2.0-rc1\windows\resources\plugins\list1.lib
f:\workspace\cpp\librecad-2.2.0-rc1\windows\resources\plugins\list1.exp
f:\workspace\cpp\librecad-2.2.0-rc1\plugins\list\.\generatedfiles\release\moc_list.cpp
f:\workspace\cpp\librecad-2.2.0-rc1\plugins\list\x64\release\list_resource.res
f:\workspace\cpp\librecad-2.2.0-rc1\plugins\list\..\..\windows\resources\plugins\list1.dll
f:\workspace\cpp\librecad-2.2.0-rc1\plugins\list\x64\release\list.tlog\cl.8620.write.1.tlog
f:\workspace\cpp\librecad-2.2.0-rc1\plugins\list\x64\release\list.tlog\cl.command.1.tlog
f:\workspace\cpp\librecad-2.2.0-rc1\plugins\list\x64\release\list.tlog\cl.read.1.tlog
f:\workspace\cpp\librecad-2.2.0-rc1\plugins\list\x64\release\list.tlog\custombuild.command.1.tlog
f:\workspace\cpp\librecad-2.2.0-rc1\plugins\list\x64\release\list.tlog\custombuild.read.1.tlog
f:\workspace\cpp\librecad-2.2.0-rc1\plugins\list\x64\release\list.tlog\custombuild.write.1.tlog
f:\workspace\cpp\librecad-2.2.0-rc1\plugins\list\x64\release\list.tlog\link.command.1.tlog
f:\workspace\cpp\librecad-2.2.0-rc1\plugins\list\x64\release\list.tlog\link.read.1.tlog
f:\workspace\cpp\librecad-2.2.0-rc1\plugins\list\x64\release\list.tlog\link.write.1.tlog
f:\workspace\cpp\librecad-2.2.0-rc1\plugins\list\x64\release\list.tlog\list.write.1u.tlog
f:\workspace\cpp\librecad-2.2.0-rc1\plugins\list\x64\release\list.tlog\qtmoc.read.1u.tlog
f:\workspace\cpp\librecad-2.2.0-rc1\plugins\list\x64\release\list.tlog\qtmoc.write.1u.tlog
f:\workspace\cpp\librecad-2.2.0-rc1\plugins\list\x64\release\list.tlog\rc.command.1.tlog
f:\workspace\cpp\librecad-2.2.0-rc1\plugins\list\x64\release\list.tlog\rc.read.1.tlog
f:\workspace\cpp\librecad-2.2.0-rc1\plugins\list\x64\release\list.tlog\rc.write.1.tlog
