d:\workspace_c3\mytoolkit\gb28181client\debug\gb28181client.pch
d:\workspace_c3\mytoolkit\gb28181client\debug\stdafx.obj
d:\workspace_c3\mytoolkit\gb28181client\debug\vc90.pdb
d:\workspace_c3\mytoolkit\gb28181client\debug\sipdstateinforesponse.obj
d:\workspace_c3\mytoolkit\gb28181client\debug\sipdsubscribe200ok.obj
d:\workspace_c3\mytoolkit\gb28181client\debug\sip_junior_alarm.obj
d:\workspace_c3\mytoolkit\gb28181client\debug\sip_junior_catalog.obj
d:\workspace_c3\mytoolkit\gb28181client\debug\sip_junior_devicecontrol.obj
d:\workspace_c3\mytoolkit\gb28181client\debug\sip_junior_deviceinfo.obj
d:\workspace_c3\mytoolkit\gb28181client\debug\sip_junior_invite.obj
d:\workspace_c3\mytoolkit\gb28181client\debug\sip_junior_recordfile.obj
d:\workspace_c3\mytoolkit\gb28181client\debug\sip_junior_register.obj
d:\workspace_c3\mytoolkit\gb28181client\debug\sip_junior_stateinfo.obj
d:\workspace_c3\mytoolkit\gb28181client\debug\sip_junior_subscribe.obj
d:\workspace_c3\mytoolkit\gb28181client\debug\sip_superior_alarm.obj
d:\workspace_c3\mytoolkit\gb28181client\debug\sip_superior_catalog.obj
d:\workspace_c3\mytoolkit\gb28181client\debug\sip_superior_devicecontrol.obj
d:\workspace_c3\mytoolkit\gb28181client\debug\sip_superior_deviceinfo.obj
d:\workspace_c3\mytoolkit\gb28181client\debug\sip_superior_invite.obj
d:\workspace_c3\mytoolkit\gb28181client\debug\sip_superior_recordfile.obj
d:\workspace_c3\mytoolkit\gb28181client\debug\sip_superior_register.obj
d:\workspace_c3\mytoolkit\gb28181client\debug\sip_superior_stateinfo.obj
d:\workspace_c3\mytoolkit\gb28181client\debug\usageenvironment.obj
d:\workspace_c3\mytoolkit\gb28181client\debug\dllstateinforequest.obj
d:\workspace_c3\mytoolkit\gb28181client\debug\dllstateinfosession.obj
d:\workspace_c3\mytoolkit\gb28181client\debug\gb28181client.obj
d:\workspace_c3\mytoolkit\gb28181client\debug\gb28181_layer.obj
d:\workspace_c3\mytoolkit\gb28181client\debug\hashtable.obj
d:\workspace_c3\mytoolkit\gb28181client\debug\medium.obj
d:\workspace_c3\mytoolkit\gb28181client\debug\ps_test.obj
d:\workspace_c3\mytoolkit\gb28181client\debug\sipdalarmnotify.obj
d:\workspace_c3\mytoolkit\gb28181client\debug\sipdcall200ok.obj
d:\workspace_c3\mytoolkit\gb28181client\debug\sipdcallfiletoend.obj
d:\workspace_c3\mytoolkit\gb28181client\debug\sipdcallnoanswer.obj
d:\workspace_c3\mytoolkit\gb28181client\debug\sipdcataloginforequest.obj
d:\workspace_c3\mytoolkit\gb28181client\debug\sipdcataloginforesponse.obj
d:\workspace_c3\mytoolkit\gb28181client\debug\sipdcataloginfosession.obj
d:\workspace_c3\mytoolkit\gb28181client\debug\sipddeviceinforesponse.obj
d:\workspace_c3\mytoolkit\gb28181client\debug\sipdkeepaliverequest.obj
d:\workspace_c3\mytoolkit\gb28181client\debug\sipdmessage200ok.obj
d:\workspace_c3\mytoolkit\gb28181client\debug\sipdmessagefailure.obj
d:\workspace_c3\mytoolkit\gb28181client\debug\sipdregisterrequest.obj
d:\workspace_c3\mytoolkit\gb28181client\debug\sipdsearchrecordfileresponse.obj
d:\workspace_c3\mytoolkit\gb28181client\debug\dllalarmsubscribesession.obj
d:\workspace_c3\mytoolkit\gb28181client\debug\dllcallbye.obj
d:\workspace_c3\mytoolkit\gb28181client\debug\dllcallmediacontrol.obj
d:\workspace_c3\mytoolkit\gb28181client\debug\dllcallplayplaybackdownload.obj
d:\workspace_c3\mytoolkit\gb28181client\debug\dllcataloginforequest.obj
d:\workspace_c3\mytoolkit\gb28181client\debug\dllcataloginfosession.obj
d:\workspace_c3\mytoolkit\gb28181client\debug\dlldevicecontrolsession.obj
d:\workspace_c3\mytoolkit\gb28181client\debug\dlldeviceinforequest.obj
d:\workspace_c3\mytoolkit\gb28181client\debug\dlldeviceinfosession.obj
d:\workspace_c3\mytoolkit\gb28181client\debug\dllenvironment.obj
d:\workspace_c3\mytoolkit\gb28181client\debug\dllmediasession.obj
d:\workspace_c3\mytoolkit\gb28181client\debug\dllptzautoscan.obj
d:\workspace_c3\mytoolkit\gb28181client\debug\dllptzmove.obj
d:\workspace_c3\mytoolkit\gb28181client\debug\dllptzpreset.obj
d:\workspace_c3\mytoolkit\gb28181client\debug\dllptztour.obj
d:\workspace_c3\mytoolkit\gb28181client\debug\dllrecordcontrol.obj
d:\workspace_c3\mytoolkit\gb28181client\debug\dllregisterresponse.obj
d:\workspace_c3\mytoolkit\gb28181client\debug\dllregistersession.obj
d:\workspace_c3\mytoolkit\gb28181client\debug\dllsearchrecordfilerequest.obj
d:\workspace_c3\mytoolkit\gb28181client\debug\dllsearchrecordfilesession.obj
d:\workspace_c3\mytoolkit\gb28181client\debug\abstractcommand.obj
d:\workspace_c3\mytoolkit\gb28181client\debug\abstractobject.obj
d:\workspace_c3\mytoolkit\gb28181client\debug\activepsparser.obj
d:\workspace_c3\mytoolkit\gb28181client\debug\basichashtable.obj
d:\workspace_c3\mytoolkit\gb28181client\debug\callbackalarmnotify.obj
d:\workspace_c3\mytoolkit\gb28181client\debug\callbackdllalarmsubscriberesponse.obj
d:\workspace_c3\mytoolkit\gb28181client\debug\callbackdllcalldataresponse.obj
d:\workspace_c3\mytoolkit\gb28181client\debug\callbackdllcallresponse.obj
d:\workspace_c3\mytoolkit\gb28181client\debug\callbackdllcataloginforesponse.obj
d:\workspace_c3\mytoolkit\gb28181client\debug\callbackdlldeviceinforesponse.obj
d:\workspace_c3\mytoolkit\gb28181client\debug\callbackdllptzresponse.obj
d:\workspace_c3\mytoolkit\gb28181client\debug\callbackdllregisterrequest.obj
d:\workspace_c3\mytoolkit\gb28181client\debug\callbackdllsearchrecordfileresponse.obj
d:\workspace_c3\mytoolkit\gb28181client\debug\callbackdllstateinforesponse.obj
d:\workspace_c3\mytoolkit\gb28181client\debug\callbackdllunregisterrequest.obj
d:\workspace_c3\mytoolkit\gb28181client\debug\commandcallback.obj
d:\workspace_c3\mytoolkit\gb28181client\debug\dll28181_layer.obj
d:\workspace_c3\mytoolkit\gb28181client\debug\dllalarmcontrol.obj
d:\workspace_c3\mytoolkit\gb28181client\debug\dllalarmsubscriberequest.obj
d:\workspace_c3\mytoolkit\gb28181client\debug\dllmain.obj
d:\workspace_c3\mytoolkit\gb28181client\debug\jmutex.obj
d:\workspace_c3\mytoolkit\gb28181client\debug\jthread.obj
d:\workspace_c3\mytoolkit\gb28181client\debug\gb28181client.dll.embed.manifest.res
d:\workspace_c3\mytoolkit\gb28181client\debug\cl.command.1.tlog
d:\workspace_c3\mytoolkit\gb28181client\debug\cl.read.1.tlog
d:\workspace_c3\mytoolkit\gb28181client\debug\cl.write.1.tlog
d:\workspace_c3\mytoolkit\gb28181client\debug\link.command.1.tlog
d:\workspace_c3\mytoolkit\gb28181client\debug\link.read.1.tlog
d:\workspace_c3\mytoolkit\gb28181client\debug\link.write.1.tlog
d:\workspace_c3\mytoolkit\gb28181client\debug\rc.command.1.tlog
d:\workspace_c3\mytoolkit\gb28181client\debug\rc.read.1.tlog
d:\workspace_c3\mytoolkit\gb28181client\debug\rc.write.1.tlog
d:\workspace_c3\mytoolkit\gb28181client\debug\gb28181client.dll.embed.manifest
d:\workspace_c3\mytoolkit\gb28181client\debug\vc90.idb
d:\workspace_c3\mytoolkit\gb28181client\debug\gb28181client_manifest.rc
