f:\workspace\cpp\librecad-2.2.0-rc1\plugins\picfile\x64\release\moc_picfile.obj
f:\workspace\cpp\librecad-2.2.0-rc1\plugins\picfile\x64\release\picfile.obj
f:\workspace\cpp\librecad-2.2.0-rc1\generated\plugin\picfile\moc\moc_predefs.h
f:\workspace\cpp\librecad-2.2.0-rc1\windows\resources\plugins\picfile1.dll
f:\workspace\cpp\librecad-2.2.0-rc1\plugins\picfile\generatedfiles\release\moc_picfile.cpp
f:\workspace\cpp\librecad-2.2.0-rc1\windows\resources\plugins\picfile1.lib
f:\workspace\cpp\librecad-2.2.0-rc1\windows\resources\plugins\picfile1.exp
f:\workspace\cpp\librecad-2.2.0-rc1\plugins\picfile\.\generatedfiles\release\moc_picfile.cpp
f:\workspace\cpp\librecad-2.2.0-rc1\plugins\picfile\x64\release\picfile_resource.res
f:\workspace\cpp\librecad-2.2.0-rc1\plugins\picfile\..\..\windows\resources\plugins\picfile1.dll
f:\workspace\cpp\librecad-2.2.0-rc1\plugins\picfile\x64\release\picfile.tlog\cl.1084.write.1.tlog
f:\workspace\cpp\librecad-2.2.0-rc1\plugins\picfile\x64\release\picfile.tlog\cl.command.1.tlog
f:\workspace\cpp\librecad-2.2.0-rc1\plugins\picfile\x64\release\picfile.tlog\cl.read.1.tlog
f:\workspace\cpp\librecad-2.2.0-rc1\plugins\picfile\x64\release\picfile.tlog\custombuild.command.1.tlog
f:\workspace\cpp\librecad-2.2.0-rc1\plugins\picfile\x64\release\picfile.tlog\custombuild.read.1.tlog
f:\workspace\cpp\librecad-2.2.0-rc1\plugins\picfile\x64\release\picfile.tlog\custombuild.write.1.tlog
f:\workspace\cpp\librecad-2.2.0-rc1\plugins\picfile\x64\release\picfile.tlog\link.command.1.tlog
f:\workspace\cpp\librecad-2.2.0-rc1\plugins\picfile\x64\release\picfile.tlog\link.read.1.tlog
f:\workspace\cpp\librecad-2.2.0-rc1\plugins\picfile\x64\release\picfile.tlog\link.write.1.tlog
f:\workspace\cpp\librecad-2.2.0-rc1\plugins\picfile\x64\release\picfile.tlog\picfile.write.1u.tlog
f:\workspace\cpp\librecad-2.2.0-rc1\plugins\picfile\x64\release\picfile.tlog\qtmoc.read.1u.tlog
f:\workspace\cpp\librecad-2.2.0-rc1\plugins\picfile\x64\release\picfile.tlog\qtmoc.write.1u.tlog
f:\workspace\cpp\librecad-2.2.0-rc1\plugins\picfile\x64\release\picfile.tlog\rc.command.1.tlog
f:\workspace\cpp\librecad-2.2.0-rc1\plugins\picfile\x64\release\picfile.tlog\rc.read.1.tlog
f:\workspace\cpp\librecad-2.2.0-rc1\plugins\picfile\x64\release\picfile.tlog\rc.write.1.tlog
