f:\workspace\cpp\librecad-2.2.0-rc1\plugins\gear\x64\release\gear.obj
f:\workspace\cpp\librecad-2.2.0-rc1\plugins\gear\x64\release\moc_gear.obj
f:\workspace\cpp\librecad-2.2.0-rc1\generated\plugin\gear\moc\moc_predefs.h
f:\workspace\cpp\librecad-2.2.0-rc1\plugins\gear\generatedfiles\release\moc_gear.cpp
f:\workspace\cpp\librecad-2.2.0-rc1\windows\resources\plugins\gear0.lib
f:\workspace\cpp\librecad-2.2.0-rc1\windows\resources\plugins\gear0.exp
f:\workspace\cpp\librecad-2.2.0-rc1\windows\resources\plugins\gear0.dll
f:\workspace\cpp\librecad-2.2.0-rc1\plugins\gear\.\generatedfiles\release\moc_gear.cpp
f:\workspace\cpp\librecad-2.2.0-rc1\plugins\gear\x64\release\gear_resource.res
f:\workspace\cpp\librecad-2.2.0-rc1\plugins\gear\..\..\windows\resources\plugins\gear0.dll
f:\workspace\cpp\librecad-2.2.0-rc1\plugins\gear\x64\release\gear.tlog\cl.2384.write.1.tlog
f:\workspace\cpp\librecad-2.2.0-rc1\plugins\gear\x64\release\gear.tlog\cl.command.1.tlog
f:\workspace\cpp\librecad-2.2.0-rc1\plugins\gear\x64\release\gear.tlog\cl.read.1.tlog
f:\workspace\cpp\librecad-2.2.0-rc1\plugins\gear\x64\release\gear.tlog\custombuild.command.1.tlog
f:\workspace\cpp\librecad-2.2.0-rc1\plugins\gear\x64\release\gear.tlog\custombuild.read.1.tlog
f:\workspace\cpp\librecad-2.2.0-rc1\plugins\gear\x64\release\gear.tlog\custombuild.write.1.tlog
f:\workspace\cpp\librecad-2.2.0-rc1\plugins\gear\x64\release\gear.tlog\gear.write.1u.tlog
f:\workspace\cpp\librecad-2.2.0-rc1\plugins\gear\x64\release\gear.tlog\link.command.1.tlog
f:\workspace\cpp\librecad-2.2.0-rc1\plugins\gear\x64\release\gear.tlog\link.read.1.tlog
f:\workspace\cpp\librecad-2.2.0-rc1\plugins\gear\x64\release\gear.tlog\link.write.1.tlog
f:\workspace\cpp\librecad-2.2.0-rc1\plugins\gear\x64\release\gear.tlog\qtmoc.read.1u.tlog
f:\workspace\cpp\librecad-2.2.0-rc1\plugins\gear\x64\release\gear.tlog\qtmoc.write.1u.tlog
f:\workspace\cpp\librecad-2.2.0-rc1\plugins\gear\x64\release\gear.tlog\rc.command.1.tlog
f:\workspace\cpp\librecad-2.2.0-rc1\plugins\gear\x64\release\gear.tlog\rc.read.1.tlog
f:\workspace\cpp\librecad-2.2.0-rc1\plugins\gear\x64\release\gear.tlog\rc.write.1.tlog
