f:\workspace\cpp\librecad-2.2.0-rc1\plugins\list\x64\debug\list.obj
f:\workspace\cpp\librecad-2.2.0-rc1\plugins\list\x64\debug\moc_list.obj
f:\workspace\cpp\librecad-2.2.0-rc1\plugins\list\x64\debug\vc141.pdb
f:\workspace\cpp\librecad-2.2.0-rc1\generated\plugin\list\moc\moc_predefs.h
f:\workspace\cpp\librecad-2.2.0-rc1\windows\resources\plugins\listd1.ilk
f:\workspace\cpp\librecad-2.2.0-rc1\windows\resources\plugins\listd1.dll
f:\workspace\cpp\librecad-2.2.0-rc1\windows\resources\plugins\listd1.pdb
f:\workspace\cpp\librecad-2.2.0-rc1\plugins\list\generatedfiles\debug\moc_list.cpp
f:\workspace\cpp\librecad-2.2.0-rc1\windows\resources\plugins\listd1.lib
f:\workspace\cpp\librecad-2.2.0-rc1\windows\resources\plugins\listd1.exp
f:\workspace\cpp\librecad-2.2.0-rc1\plugins\list\.\generatedfiles\debug\moc_list.cpp
f:\workspace\cpp\librecad-2.2.0-rc1\plugins\list\x64\debug\listd_resource.res
f:\workspace\cpp\librecad-2.2.0-rc1\plugins\list\..\..\windows\resources\plugins\listd1.dll
f:\workspace\cpp\librecad-2.2.0-rc1\plugins\list\x64\debug\list.tlog\cl.10700.write.1.tlog
f:\workspace\cpp\librecad-2.2.0-rc1\plugins\list\x64\debug\list.tlog\cl.command.1.tlog
f:\workspace\cpp\librecad-2.2.0-rc1\plugins\list\x64\debug\list.tlog\cl.read.1.tlog
f:\workspace\cpp\librecad-2.2.0-rc1\plugins\list\x64\debug\list.tlog\custombuild.command.1.tlog
f:\workspace\cpp\librecad-2.2.0-rc1\plugins\list\x64\debug\list.tlog\custombuild.read.1.tlog
f:\workspace\cpp\librecad-2.2.0-rc1\plugins\list\x64\debug\list.tlog\custombuild.write.1.tlog
f:\workspace\cpp\librecad-2.2.0-rc1\plugins\list\x64\debug\list.tlog\link.command.1.tlog
f:\workspace\cpp\librecad-2.2.0-rc1\plugins\list\x64\debug\list.tlog\link.read.1.tlog
f:\workspace\cpp\librecad-2.2.0-rc1\plugins\list\x64\debug\list.tlog\link.write.1.tlog
f:\workspace\cpp\librecad-2.2.0-rc1\plugins\list\x64\debug\list.tlog\list.write.1u.tlog
f:\workspace\cpp\librecad-2.2.0-rc1\plugins\list\x64\debug\list.tlog\qtmoc.read.1u.tlog
f:\workspace\cpp\librecad-2.2.0-rc1\plugins\list\x64\debug\list.tlog\qtmoc.write.1u.tlog
f:\workspace\cpp\librecad-2.2.0-rc1\plugins\list\x64\debug\list.tlog\rc.command.1.tlog
f:\workspace\cpp\librecad-2.2.0-rc1\plugins\list\x64\debug\list.tlog\rc.read.1.tlog
f:\workspace\cpp\librecad-2.2.0-rc1\plugins\list\x64\debug\list.tlog\rc.write.1.tlog
