d:\workspace_c3\mytoolkit\stock\debug\vc90.pdb
d:\workspace_c3\mytoolkit\stock\debug\stock.pch
d:\workspace_c3\mytoolkit\stock\debug\stdafx.obj
d:\workspace_c3\mytoolkit\stock\debug\stockdatalog.obj
d:\workspace_c3\mytoolkit\stock\debug\stockdatamodel.obj
d:\workspace_c3\mytoolkit\stock\debug\stockdoc.obj
d:\workspace_c3\mytoolkit\stock\debug\stockgroupdlg.obj
d:\workspace_c3\mytoolkit\stock\debug\stockhomepageview.obj
d:\workspace_c3\mytoolkit\stock\debug\stockinfo.obj
d:\workspace_c3\mytoolkit\stock\debug\stockinfoview.obj
d:\workspace_c3\mytoolkit\stock\debug\stockplatesview.obj
d:\workspace_c3\mytoolkit\stock\debug\stockrangeset.obj
d:\workspace_c3\mytoolkit\stock\debug\stockview.obj
d:\workspace_c3\mytoolkit\stock\debug\szsemargintrading.obj
d:\workspace_c3\mytoolkit\stock\debug\techanalysisevent.obj
d:\workspace_c3\mytoolkit\stock\debug\technicalanalysis.obj
d:\workspace_c3\mytoolkit\stock\debug\tipdialog.obj
d:\workspace_c3\mytoolkit\stock\debug\tradingdaily.obj
d:\workspace_c3\mytoolkit\stock\debug\urlutils.obj
d:\workspace_c3\mytoolkit\stock\debug\viewtree.obj
d:\workspace_c3\mytoolkit\stock\debug\volume.obj
d:\workspace_c3\mytoolkit\stock\debug\xmlparser.obj
d:\workspace_c3\mytoolkit\stock\debug\zombiestocklistview.obj
d:\workspace_c3\mytoolkit\stock\debug\sohuindexdaily.obj
d:\workspace_c3\mytoolkit\stock\debug\sohumainincomecomposition.obj
d:\workspace_c3\mytoolkit\stock\debug\sohuperformanceforecast.obj
d:\workspace_c3\mytoolkit\stock\debug\souhustockplates.obj
d:\workspace_c3\mytoolkit\stock\debug\souhutradingdaily.obj
d:\workspace_c3\mytoolkit\stock\debug\splashscreenex.obj
d:\workspace_c3\mytoolkit\stock\debug\ssemargintrading.obj
d:\workspace_c3\mytoolkit\stock\debug\statsgovcn.obj
d:\workspace_c3\mytoolkit\stock\debug\statsgovcnchartview.obj
d:\workspace_c3\mytoolkit\stock\debug\statsgovcndoc.obj
d:\workspace_c3\mytoolkit\stock\debug\statsgovcngridview.obj
d:\workspace_c3\mytoolkit\stock\debug\statsgovfsjd.obj
d:\workspace_c3\mytoolkit\stock\debug\statsgovfsnd.obj
d:\workspace_c3\mytoolkit\stock\debug\statsgovfsyd.obj
d:\workspace_c3\mytoolkit\stock\debug\statsgovhgjd.obj
d:\workspace_c3\mytoolkit\stock\debug\statsgovhgnd.obj
d:\workspace_c3\mytoolkit\stock\debug\statsgovhgyd.obj
d:\workspace_c3\mytoolkit\stock\debug\statsgovmenudlg.obj
d:\workspace_c3\mytoolkit\stock\debug\stochasticsoscillatorkdj.obj
d:\workspace_c3\mytoolkit\stock\debug\propertieswnd.obj
d:\workspace_c3\mytoolkit\stock\debug\readwrit.obj
d:\workspace_c3\mytoolkit\stock\debug\relativestrengthindex.obj
d:\workspace_c3\mytoolkit\stock\debug\selfselectplatedlg.obj
d:\workspace_c3\mytoolkit\stock\debug\selfselectstockplates.obj
d:\workspace_c3\mytoolkit\stock\debug\sendmail.obj
d:\workspace_c3\mytoolkit\stock\debug\shanghaistockinfo.obj
d:\workspace_c3\mytoolkit\stock\debug\shenzhenindexdaily.obj
d:\workspace_c3\mytoolkit\stock\debug\shenzhenindexlist.obj
d:\workspace_c3\mytoolkit\stock\debug\shenzhenindexyangben.obj
d:\workspace_c3\mytoolkit\stock\debug\shenzhenmarketquotation.obj
d:\workspace_c3\mytoolkit\stock\debug\simpleinputbox.obj
d:\workspace_c3\mytoolkit\stock\debug\simulatedaccount.obj
d:\workspace_c3\mytoolkit\stock\debug\simulatedaccountanalysis.obj
d:\workspace_c3\mytoolkit\stock\debug\simulatedaccountlistview.obj
d:\workspace_c3\mytoolkit\stock\debug\simulatedaccountmacd.obj
d:\workspace_c3\mytoolkit\stock\debug\sinadealdetail.obj
d:\workspace_c3\mytoolkit\stock\debug\sohufundhold.obj
d:\workspace_c3\mytoolkit\stock\debug\sohufundholdcsvfileshow.obj
d:\workspace_c3\mytoolkit\stock\debug\platecsindexdynamicpeview.obj
d:\workspace_c3\mytoolkit\stock\debug\platecurrentassetsturnoverratioview.obj
d:\workspace_c3\mytoolkit\stock\debug\platedealdetaildailyview.obj
d:\workspace_c3\mytoolkit\stock\debug\platedebttoassetsratioview.obj
d:\workspace_c3\mytoolkit\stock\debug\platedebttocapitalratioview.obj
d:\workspace_c3\mytoolkit\stock\debug\platefixedassetsturnoverratioview.obj
d:\workspace_c3\mytoolkit\stock\debug\platefundholdview.obj
d:\workspace_c3\mytoolkit\stock\debug\plategrossprofitlistview.obj
d:\workspace_c3\mytoolkit\stock\debug\plategrossprofitrategrowthview.obj
d:\workspace_c3\mytoolkit\stock\debug\plateinventoryturnoverratioview.obj
d:\workspace_c3\mytoolkit\stock\debug\plateliquidityratioview.obj
d:\workspace_c3\mytoolkit\stock\debug\platemainincomegrowthview.obj
d:\workspace_c3\mytoolkit\stock\debug\platenetfixedassestsgrowthview.obj
d:\workspace_c3\mytoolkit\stock\debug\platenetprofitsratioview.obj
d:\workspace_c3\mytoolkit\stock\debug\plateselectdlg.obj
d:\workspace_c3\mytoolkit\stock\debug\platestocklistview.obj
d:\workspace_c3\mytoolkit\stock\debug\platetotalassetsgrowthview.obj
d:\workspace_c3\mytoolkit\stock\debug\platetotalassetsturnoverratioview.obj
d:\workspace_c3\mytoolkit\stock\debug\plateturnoverrateview.obj
d:\workspace_c3\mytoolkit\stock\debug\messagestring.obj
d:\workspace_c3\mytoolkit\stock\debug\messagestringmanager.obj
d:\workspace_c3\mytoolkit\stock\debug\movingaverages.obj
d:\workspace_c3\mytoolkit\stock\debug\multilinelistbox.obj
d:\workspace_c3\mytoolkit\stock\debug\mysplitterwndex.obj
d:\workspace_c3\mytoolkit\stock\debug\neteasetradedaily.obj
d:\workspace_c3\mytoolkit\stock\debug\gridcellcheck.obj
d:\workspace_c3\mytoolkit\stock\debug\gridcellcombo.obj
d:\workspace_c3\mytoolkit\stock\debug\gridcellcomposite.obj
d:\workspace_c3\mytoolkit\stock\debug\gridcelldatetime.obj
d:\workspace_c3\mytoolkit\stock\debug\gridcellnumeric.obj
d:\workspace_c3\mytoolkit\stock\debug\gridobj.obj
d:\workspace_c3\mytoolkit\stock\debug\gridurlcell.obj
d:\workspace_c3\mytoolkit\stock\debug\newmat11testview.obj
d:\workspace_c3\mytoolkit\stock\debug\onbalancevolume.obj
d:\workspace_c3\mytoolkit\stock\debug\outputwnd.obj
d:\workspace_c3\mytoolkit\stock\debug\pdfstructuredlg.obj
d:\workspace_c3\mytoolkit\stock\debug\pestocklistview.obj
d:\workspace_c3\mytoolkit\stock\debug\platechangeratesummaryview.obj
d:\workspace_c3\mytoolkit\stock\debug\platecorrectedmarketvalueview.obj
d:\workspace_c3\mytoolkit\stock\debug\individualsharedoc.obj
d:\workspace_c3\mytoolkit\stock\debug\individualshareview.obj
d:\workspace_c3\mytoolkit\stock\debug\individualsummaryview.obj
d:\workspace_c3\mytoolkit\stock\debug\individualszsepeview.obj
d:\workspace_c3\mytoolkit\stock\debug\individualvolumeview.obj
d:\workspace_c3\mytoolkit\stock\debug\individualyahoopeview.obj
d:\workspace_c3\mytoolkit\stock\debug\indizombieanalysisview.obj
d:\workspace_c3\mytoolkit\stock\debug\inputtextdlg.obj
d:\workspace_c3\mytoolkit\stock\debug\macdlistview.obj
d:\workspace_c3\mytoolkit\stock\debug\macdstocklistview.obj
d:\workspace_c3\mytoolkit\stock\debug\maconvergencedivergence.obj
d:\workspace_c3\mytoolkit\stock\debug\mainfrm.obj
d:\workspace_c3\mytoolkit\stock\debug\mainproductqueryview.obj
d:\workspace_c3\mytoolkit\stock\debug\marketcffexhs300futureview.obj
d:\workspace_c3\mytoolkit\stock\debug\marketcsdcinvestorstatview.obj
d:\workspace_c3\mytoolkit\stock\debug\marketexchagefundview.obj
d:\workspace_c3\mytoolkit\stock\debug\marketmarginguaranteefundview.obj
d:\workspace_c3\mytoolkit\stock\debug\marketsohuindexview.obj
d:\workspace_c3\mytoolkit\stock\debug\indicsindexview.obj
d:\workspace_c3\mytoolkit\stock\debug\indidmiview.obj
d:\workspace_c3\mytoolkit\stock\debug\indifundholdvalueview.obj
d:\workspace_c3\mytoolkit\stock\debug\indigrossprofitrateview.obj
d:\workspace_c3\mytoolkit\stock\debug\indihexunresearchpapaerview.obj
d:\workspace_c3\mytoolkit\stock\debug\indiincomestatementforecastview.obj
d:\workspace_c3\mytoolkit\stock\debug\indimacdview.obj
d:\workspace_c3\mytoolkit\stock\debug\indimainincomegrowthview.obj
d:\workspace_c3\mytoolkit\stock\debug\indimarketindexanalysisview.obj
d:\workspace_c3\mytoolkit\stock\debug\indimcstview.obj
d:\workspace_c3\mytoolkit\stock\debug\indipeandvaluedailyview.obj
d:\workspace_c3\mytoolkit\stock\debug\inditechnicalanalysisroadview.obj
d:\workspace_c3\mytoolkit\stock\debug\individualcapitalflowview.obj
d:\workspace_c3\mytoolkit\stock\debug\individualcapitalstructview.obj
d:\workspace_c3\mytoolkit\stock\debug\individualcostview.obj
d:\workspace_c3\mytoolkit\stock\debug\individualcsvfileview.obj
d:\workspace_c3\mytoolkit\stock\debug\individualcurrentassetview.obj
d:\workspace_c3\mytoolkit\stock\debug\individualdmgraphview.obj
d:\workspace_c3\mytoolkit\stock\debug\individualnetprofitsview.obj
d:\workspace_c3\mytoolkit\stock\debug\individualnoncurrentassetview.obj
d:\workspace_c3\mytoolkit\stock\debug\fundinsettlement.obj
d:\workspace_c3\mytoolkit\stock\debug\gridcell.obj
d:\workspace_c3\mytoolkit\stock\debug\gridcellbase.obj
d:\workspace_c3\mytoolkit\stock\debug\gridctrl.obj
d:\workspace_c3\mytoolkit\stock\debug\griddroptarget.obj
d:\workspace_c3\mytoolkit\stock\debug\inplaceedit.obj
d:\workspace_c3\mytoolkit\stock\debug\titletip.obj
d:\workspace_c3\mytoolkit\stock\debug\treecell.obj
d:\workspace_c3\mytoolkit\stock\debug\treegridcell.obj
d:\workspace_c3\mytoolkit\stock\debug\treegridcellcheck.obj
d:\workspace_c3\mytoolkit\stock\debug\treegridctrl.obj
d:\workspace_c3\mytoolkit\stock\debug\hexunresearchpaper.obj
d:\workspace_c3\mytoolkit\stock\debug\hexunresearchpaperlistview.obj
d:\workspace_c3\mytoolkit\stock\debug\htmlparser.obj
d:\workspace_c3\mytoolkit\stock\debug\hushenstockindex.obj
d:\workspace_c3\mytoolkit\stock\debug\incomestatement.obj
d:\workspace_c3\mytoolkit\stock\debug\incomestatementcsvfileshow.obj
d:\workspace_c3\mytoolkit\stock\debug\indi10jqkabonusview.obj
d:\workspace_c3\mytoolkit\stock\debug\indicashflowsummaryview.obj
d:\workspace_c3\mytoolkit\stock\debug\indicninfoannouncementroadview.obj
d:\workspace_c3\mytoolkit\stock\debug\csdcfundinsettlementstat.obj
d:\workspace_c3\mytoolkit\stock\debug\csdcinvestorstat.obj
d:\workspace_c3\mytoolkit\stock\debug\csdcsecurityissuestat.obj
d:\workspace_c3\mytoolkit\stock\debug\csdctransferbonusstat.obj
d:\workspace_c3\mytoolkit\stock\debug\csicsrcpedaily.obj
d:\workspace_c3\mytoolkit\stock\debug\csindexstockplates.obj
d:\workspace_c3\mytoolkit\stock\debug\csipedaily.obj
d:\workspace_c3\mytoolkit\stock\debug\csvdocument.obj
d:\workspace_c3\mytoolkit\stock\debug\csvfile.obj
d:\workspace_c3\mytoolkit\stock\debug\csvview.obj
d:\workspace_c3\mytoolkit\stock\debug\databasedoc.obj
d:\workspace_c3\mytoolkit\stock\debug\databaseview.obj
d:\workspace_c3\mytoolkit\stock\debug\dealdetaildatedlg.obj
d:\workspace_c3\mytoolkit\stock\debug\directionalmovement.obj
d:\workspace_c3\mytoolkit\stock\debug\dyncitemeditdlg.obj
d:\workspace_c3\mytoolkit\stock\debug\dyncitemfinddlg.obj
d:\workspace_c3\mytoolkit\stock\debug\fileview.obj
d:\workspace_c3\mytoolkit\stock\debug\financereport.obj
d:\workspace_c3\mytoolkit\stock\debug\findstockbycode.obj
d:\workspace_c3\mytoolkit\stock\debug\findstockbypinyin.obj
d:\workspace_c3\mytoolkit\stock\debug\classview.obj
d:\workspace_c3\mytoolkit\stock\debug\cninfoannouncement.obj
d:\workspace_c3\mytoolkit\stock\debug\cninfoannouncementlistview.obj
d:\workspace_c3\mytoolkit\stock\debug\cninfoannouncepdflistview.obj
d:\workspace_c3\mytoolkit\stock\debug\cninfobonus.obj
d:\workspace_c3\mytoolkit\stock\debug\cninfocsv.obj
d:\workspace_c3\mytoolkit\stock\debug\cninfodelistinglist.obj
d:\workspace_c3\mytoolkit\stock\debug\cninfogetlandlistview.obj
d:\workspace_c3\mytoolkit\stock\debug\cninfoincentiveplanlistview.obj
d:\workspace_c3\mytoolkit\stock\debug\cninfoplacementofshare.obj
d:\workspace_c3\mytoolkit\stock\debug\cninfoshareholdinglistview.obj
d:\workspace_c3\mytoolkit\stock\debug\cninfoshareholdingstatisticsview.obj
d:\workspace_c3\mytoolkit\stock\debug\cninfostockinfo.obj
d:\workspace_c3\mytoolkit\stock\debug\cninfosuspendlist.obj
d:\workspace_c3\mytoolkit\stock\debug\color.obj
d:\workspace_c3\mytoolkit\stock\debug\colourpicker.obj
d:\workspace_c3\mytoolkit\stock\debug\colourpopup.obj
d:\workspace_c3\mytoolkit\stock\debug\comboboxext.obj
d:\workspace_c3\mytoolkit\stock\debug\comboboxextlist.obj
d:\workspace_c3\mytoolkit\stock\debug\compileutf8range.obj
d:\workspace_c3\mytoolkit\stock\debug\chartctrl.obj
d:\workspace_c3\mytoolkit\stock\debug\chartcursor.obj
d:\workspace_c3\mytoolkit\stock\debug\chartdatetimeaxis.obj
d:\workspace_c3\mytoolkit\stock\debug\chartdraglinecursor.obj
d:\workspace_c3\mytoolkit\stock\debug\chartfont.obj
d:\workspace_c3\mytoolkit\stock\debug\chartganttserie.obj
d:\workspace_c3\mytoolkit\stock\debug\chartgradient.obj
d:\workspace_c3\mytoolkit\stock\debug\chartgrid.obj
d:\workspace_c3\mytoolkit\stock\debug\chartlegend.obj
d:\workspace_c3\mytoolkit\stock\debug\chartlineserie.obj
d:\workspace_c3\mytoolkit\stock\debug\chartlogarithmicaxis.obj
d:\workspace_c3\mytoolkit\stock\debug\chartpointsserie.obj
d:\workspace_c3\mytoolkit\stock\debug\chartscrollbar.obj
d:\workspace_c3\mytoolkit\stock\debug\chartserie.obj
d:\workspace_c3\mytoolkit\stock\debug\chartstandardaxis.obj
d:\workspace_c3\mytoolkit\stock\debug\chartsurfaceserie.obj
d:\workspace_c3\mytoolkit\stock\debug\charttitle.obj
d:\workspace_c3\mytoolkit\stock\debug\chartxyserie.obj
d:\workspace_c3\mytoolkit\stock\debug\childfrm.obj
d:\workspace_c3\mytoolkit\stock\debug\childsplitterfrm.obj
d:\workspace_c3\mytoolkit\stock\debug\calculatestockinfoex.obj
d:\workspace_c3\mytoolkit\stock\debug\calculatetask.obj
d:\workspace_c3\mytoolkit\stock\debug\calcupdatestockinfo.obj
d:\workspace_c3\mytoolkit\stock\debug\candlesticksjapan.obj
d:\workspace_c3\mytoolkit\stock\debug\candlesticksjapanlistview.obj
d:\workspace_c3\mytoolkit\stock\debug\capitalflows163.obj
d:\workspace_c3\mytoolkit\stock\debug\capitalstructof10jqka.obj
d:\workspace_c3\mytoolkit\stock\debug\capitalstructure.obj
d:\workspace_c3\mytoolkit\stock\debug\cashflows.obj
d:\workspace_c3\mytoolkit\stock\debug\cashflowscsvfileshow.obj
d:\workspace_c3\mytoolkit\stock\debug\cdmgraphctrl.obj
d:\workspace_c3\mytoolkit\stock\debug\cffexfuturedaily.obj
d:\workspace_c3\mytoolkit\stock\debug\cfiaddissuance.obj
d:\workspace_c3\mytoolkit\stock\debug\cfibonus.obj
d:\workspace_c3\mytoolkit\stock\debug\cfiplacementofshare.obj
d:\workspace_c3\mytoolkit\stock\debug\chartaxis.obj
d:\workspace_c3\mytoolkit\stock\debug\chartaxislabel.obj
d:\workspace_c3\mytoolkit\stock\debug\chartbarserie.obj
d:\workspace_c3\mytoolkit\stock\debug\chartcandlestickserie.obj
d:\workspace_c3\mytoolkit\stock\debug\chartcrosshaircursor.obj
d:\workspace_c3\mytoolkit\stock\debug\calcmarketvaluesimpledaily.obj
d:\workspace_c3\mytoolkit\stock\debug\calcmcstlistdata.obj
d:\workspace_c3\mytoolkit\stock\debug\calcmcstviewdata.obj
d:\workspace_c3\mytoolkit\stock\debug\calcnewmat11test.obj
d:\workspace_c3\mytoolkit\stock\debug\calcpeandvaluedaily.obj
d:\workspace_c3\mytoolkit\stock\debug\calcpegrossstocklist.obj
d:\workspace_c3\mytoolkit\stock\debug\calcpestocklist.obj
d:\workspace_c3\mytoolkit\stock\debug\calcrecentbonuscashsummary.obj
d:\workspace_c3\mytoolkit\stock\debug\calcrecentstocksummary.obj
d:\workspace_c3\mytoolkit\stock\debug\calcsimulatedaccountquery.obj
d:\workspace_c3\mytoolkit\stock\debug\calcsipfsettlementfunddownload.obj
d:\workspace_c3\mytoolkit\stock\debug\calcsohuindexdaily.obj
d:\workspace_c3\mytoolkit\stock\debug\calcsohumainincomecompodownload.obj
d:\workspace_c3\mytoolkit\stock\debug\calcsohutradingdaily.obj
d:\workspace_c3\mytoolkit\stock\debug\calcssemargintradingdownload.obj
d:\workspace_c3\mytoolkit\stock\debug\calcstatsgovcn.obj
d:\workspace_c3\mytoolkit\stock\debug\calcszseindexdailydownload.obj
d:\workspace_c3\mytoolkit\stock\debug\calcszsemargintradingdownload.obj
d:\workspace_c3\mytoolkit\stock\debug\calctechnicalanalysisroadmap.obj
d:\workspace_c3\mytoolkit\stock\debug\calcthisyearbonussummary.obj
d:\workspace_c3\mytoolkit\stock\debug\calccsidynamicpestocklist.obj
d:\workspace_c3\mytoolkit\stock\debug\calccsindex.obj
d:\workspace_c3\mytoolkit\stock\debug\calccsipedailydownload.obj
d:\workspace_c3\mytoolkit\stock\debug\calcdealdetaildaily.obj
d:\workspace_c3\mytoolkit\stock\debug\calcfinancedownload.obj
d:\workspace_c3\mytoolkit\stock\debug\calcfinancereport.obj
d:\workspace_c3\mytoolkit\stock\debug\calcforecastdownload.obj
d:\workspace_c3\mytoolkit\stock\debug\calcgrossprofit.obj
d:\workspace_c3\mytoolkit\stock\debug\calchexunresearchpaperquery.obj
d:\workspace_c3\mytoolkit\stock\debug\calcincomestatementforecast.obj
d:\workspace_c3\mytoolkit\stock\debug\calcmacdlistdata.obj
d:\workspace_c3\mytoolkit\stock\debug\calcmacdquery.obj
d:\workspace_c3\mytoolkit\stock\debug\calcmacdviewdata.obj
d:\workspace_c3\mytoolkit\stock\debug\calcmainincomegrowth.obj
d:\workspace_c3\mytoolkit\stock\debug\calcmainincomeyeargrowth.obj
d:\workspace_c3\mytoolkit\stock\debug\calcmainprofityeargrowth.obj
d:\workspace_c3\mytoolkit\stock\debug\calcmarketexchangefund.obj
d:\workspace_c3\mytoolkit\stock\debug\calcmarketmarginguaranteefund.obj
d:\workspace_c3\mytoolkit\stock\debug\calcmarketvalue.obj
d:\workspace_c3\mytoolkit\stock\debug\calcmarketvaluesimple.obj
d:\workspace_c3\mytoolkit\stock\debug\calcaddissuancesummary.obj
d:\workspace_c3\mytoolkit\stock\debug\calcassetsgrowth.obj
d:\workspace_c3\mytoolkit\stock\debug\calcbollquery.obj
d:\workspace_c3\mytoolkit\stock\debug\calccandlesticksjapanquery.obj
d:\workspace_c3\mytoolkit\stock\debug\calccapistructdownload.obj
d:\workspace_c3\mytoolkit\stock\debug\calccapitalflow.obj
d:\workspace_c3\mytoolkit\stock\debug\calccffexfuturehs300.obj
d:\workspace_c3\mytoolkit\stock\debug\calccninfoannouceroadmap.obj
d:\workspace_c3\mytoolkit\stock\debug\calccninfoannouncementquery.obj
d:\workspace_c3\mytoolkit\stock\debug\calccninfoannouncepdfquery.obj
d:\workspace_c3\mytoolkit\stock\debug\calccninfogetlandquery.obj
d:\workspace_c3\mytoolkit\stock\debug\calccninfoincentiveplanquery.obj
d:\workspace_c3\mytoolkit\stock\debug\calccninfoshareholdingquery.obj
d:\workspace_c3\mytoolkit\stock\debug\calccninfoshareholdingstatistics.obj
d:\workspace_c3\mytoolkit\stock\debug\calccsdcfundinsettlementstatdownload.obj
d:\workspace_c3\mytoolkit\stock\debug\calccsdcinvestorstat.obj
d:\workspace_c3\mytoolkit\stock\debug\calccsdcinvestorstatdownload.obj
d:\workspace_c3\mytoolkit\stock\debug\calccsdcsecurityissuestatdownload.obj
d:\workspace_c3\mytoolkit\stock\debug\calccsdctransferbonusstatdownload.obj
d:\workspace_c3\mytoolkit\stock\debug\calccsicsrcpedailydownload.obj
d:\workspace_c3\mytoolkit\stock\debug\autodownloadview.obj
d:\workspace_c3\mytoolkit\stock\debug\balance.obj
d:\workspace_c3\mytoolkit\stock\debug\balancecsvfileshow.obj
d:\workspace_c3\mytoolkit\stock\debug\basechartctlview.obj
d:\workspace_c3\mytoolkit\stock\debug\basecsvfileshow.obj
d:\workspace_c3\mytoolkit\stock\debug\basegridctlview.obj
d:\workspace_c3\mytoolkit\stock\debug\basehtmlview.obj
d:\workspace_c3\mytoolkit\stock\debug\basemessagecontrol.obj
d:\workspace_c3\mytoolkit\stock\debug\basemessageelementsparser.obj
d:\workspace_c3\mytoolkit\stock\debug\basemessageformview.obj
d:\workspace_c3\mytoolkit\stock\debug\basemessageview.obj
d:\workspace_c3\mytoolkit\stock\debug\basericheditformview.obj
d:\workspace_c3\mytoolkit\stock\debug\bcmenu.obj
d:\workspace_c3\mytoolkit\stock\debug\bollingerbands.obj
d:\workspace_c3\mytoolkit\stock\debug\bolllistview.obj
d:\workspace_c3\mytoolkit\stock\debug\bonusof10jqka.obj
d:\workspace_c3\mytoolkit\stock\debug\btnst.obj
d:\workspace_c3\mytoolkit\stock\debug\bussinessutils.obj
d:\workspace_c3\mytoolkit\stock\debug\calc10jqkabonusviewdata.obj
d:\workspace_c3\mytoolkit\stock\debug\absolutebreadthindex.obj
d:\workspace_c3\mytoolkit\stock\debug\abstractindex.obj
d:\workspace_c3\mytoolkit\stock\debug\accumulationdistributionline.obj
d:\workspace_c3\mytoolkit\stock\debug\alladdissuancelistview.obj
d:\workspace_c3\mytoolkit\stock\debug\allcsidynamicpestocklistview.obj
d:\workspace_c3\mytoolkit\stock\debug\allmainincomeyeargrowthstocklistview.obj
d:\workspace_c3\mytoolkit\stock\debug\allmainprofityeargrowthstocklistview.obj
d:\workspace_c3\mytoolkit\stock\debug\allmcststocklistview.obj
d:\workspace_c3\mytoolkit\stock\debug\allrecentbonuscashstocklistview.obj
d:\workspace_c3\mytoolkit\stock\debug\allstocklistview.obj
d:\workspace_c3\mytoolkit\stock\debug\allthisyearbonuslistview.obj
d:\workspace_c3\mytoolkit\stock\debug\autodownloaddoc.obj
d:\workspace_c3\mytoolkit\stock\debug\autodownloadthread.obj
d:\workspace_c3\mytoolkit\stock\debug\stock.obj
d:\workspace_c3\mytoolkit\stock\debug\shanghaiindexview.obj
d:\workspace_c3\mytoolkit\stock\debug\plateshanghaiindexview.obj
d:\workspace_c3\mytoolkit\stock\debug\matlabshanghaiindex.obj
d:\workspace_c3\mytoolkit\stock\debug\matlabshanghaisohuplateindex.obj
d:\workspace_c3\mytoolkit\stock\debug\basematlabview.obj
d:\workspace_c3\mytoolkit\stock\debug\basicexcel.obj
d:\workspace_c3\mytoolkit\stock\debug\json_reader.obj
d:\workspace_c3\mytoolkit\stock\debug\json_value.obj
d:\workspace_c3\mytoolkit\stock\debug\json_writer.obj
d:\workspace_c3\mytoolkit\stock\debug\jmutex.obj
d:\workspace_c3\mytoolkit\stock\debug\splitchinese.obj
d:\workspace_c3\mytoolkit\stock\debug\cdyncdlg.obj
d:\workspace_c3\mytoolkit\debug\stock.ilk
d:\workspace_c3\mytoolkit\debug\stock.exe
d:\workspace_c3\mytoolkit\stock\debug\stock.exe.intermediate.manifest
d:\workspace_c3\mytoolkit\debug\stock.pdb
d:\workspace_c3\mytoolkit\stock\debug\stock.exe.embed.manifest
d:\workspace_c3\mytoolkit\stock\debug\stock.res
d:\workspace_c3\mytoolkit\stock\debug\stock.exe.embed.manifest.res
d:\workspace_c3\mytoolkit\stock\debug\cl.command.1.tlog
d:\workspace_c3\mytoolkit\stock\debug\cl.read.1.tlog
d:\workspace_c3\mytoolkit\stock\debug\cl.write.1.tlog
d:\workspace_c3\mytoolkit\stock\debug\link-cvtres.read.1.tlog
d:\workspace_c3\mytoolkit\stock\debug\link-cvtres.write.1.tlog
d:\workspace_c3\mytoolkit\stock\debug\link.12424-cvtres.read.1.tlog
d:\workspace_c3\mytoolkit\stock\debug\link.12424-cvtres.write.1.tlog
d:\workspace_c3\mytoolkit\stock\debug\link.12424.read.1.tlog
d:\workspace_c3\mytoolkit\stock\debug\link.12424.write.1.tlog
d:\workspace_c3\mytoolkit\stock\debug\link.368.read.1.tlog
d:\workspace_c3\mytoolkit\stock\debug\link.368.write.1.tlog
d:\workspace_c3\mytoolkit\stock\debug\link.576-cvtres.read.1.tlog
d:\workspace_c3\mytoolkit\stock\debug\link.576-cvtres.write.1.tlog
d:\workspace_c3\mytoolkit\stock\debug\link.576.read.1.tlog
d:\workspace_c3\mytoolkit\stock\debug\link.576.write.1.tlog
d:\workspace_c3\mytoolkit\stock\debug\link.command.1.tlog
d:\workspace_c3\mytoolkit\stock\debug\link.read.1.tlog
d:\workspace_c3\mytoolkit\stock\debug\link.write.1.tlog
d:\workspace_c3\mytoolkit\stock\debug\mt.command.1.tlog
d:\workspace_c3\mytoolkit\stock\debug\mt.read.1.tlog
d:\workspace_c3\mytoolkit\stock\debug\mt.write.1.tlog
d:\workspace_c3\mytoolkit\stock\debug\rc.command.1.tlog
d:\workspace_c3\mytoolkit\stock\debug\rc.read.1.tlog
d:\workspace_c3\mytoolkit\stock\debug\rc.write.1.tlog
d:\workspace_c3\mytoolkit\stock\debug\vc90.idb
d:\workspace_c3\mytoolkit\stock\debug\stock_manifest.rc
