f:\workspace\cpp\librecad-2.2.0-rc1\plugins\sameprop\x64\release\sameprop.obj
f:\workspace\cpp\librecad-2.2.0-rc1\plugins\sameprop\x64\release\moc_sameprop.obj
f:\workspace\cpp\librecad-2.2.0-rc1\generated\plugin\sameprop\moc\moc_predefs.h
f:\workspace\cpp\librecad-2.2.0-rc1\windows\resources\plugins\sameprop1.dll
f:\workspace\cpp\librecad-2.2.0-rc1\plugins\sameprop\.\generatedfiles\release\moc_sameprop.cpp
f:\workspace\cpp\librecad-2.2.0-rc1\plugins\sameprop\x64\release\sameprop_resource.res
f:\workspace\cpp\librecad-2.2.0-rc1\plugins\sameprop\generatedfiles\release\moc_sameprop.cpp
f:\workspace\cpp\librecad-2.2.0-rc1\windows\resources\plugins\sameprop1.lib
f:\workspace\cpp\librecad-2.2.0-rc1\windows\resources\plugins\sameprop1.exp
f:\workspace\cpp\librecad-2.2.0-rc1\plugins\sameprop\..\..\windows\resources\plugins\sameprop1.dll
f:\workspace\cpp\librecad-2.2.0-rc1\plugins\sameprop\x64\release\sameprop.tlog\cl.11288.write.1.tlog
f:\workspace\cpp\librecad-2.2.0-rc1\plugins\sameprop\x64\release\sameprop.tlog\cl.command.1.tlog
f:\workspace\cpp\librecad-2.2.0-rc1\plugins\sameprop\x64\release\sameprop.tlog\cl.read.1.tlog
f:\workspace\cpp\librecad-2.2.0-rc1\plugins\sameprop\x64\release\sameprop.tlog\custombuild.command.1.tlog
f:\workspace\cpp\librecad-2.2.0-rc1\plugins\sameprop\x64\release\sameprop.tlog\custombuild.read.1.tlog
f:\workspace\cpp\librecad-2.2.0-rc1\plugins\sameprop\x64\release\sameprop.tlog\custombuild.write.1.tlog
f:\workspace\cpp\librecad-2.2.0-rc1\plugins\sameprop\x64\release\sameprop.tlog\link.command.1.tlog
f:\workspace\cpp\librecad-2.2.0-rc1\plugins\sameprop\x64\release\sameprop.tlog\link.read.1.tlog
f:\workspace\cpp\librecad-2.2.0-rc1\plugins\sameprop\x64\release\sameprop.tlog\link.write.1.tlog
f:\workspace\cpp\librecad-2.2.0-rc1\plugins\sameprop\x64\release\sameprop.tlog\qtmoc.read.1u.tlog
f:\workspace\cpp\librecad-2.2.0-rc1\plugins\sameprop\x64\release\sameprop.tlog\qtmoc.write.1u.tlog
f:\workspace\cpp\librecad-2.2.0-rc1\plugins\sameprop\x64\release\sameprop.tlog\rc.command.1.tlog
f:\workspace\cpp\librecad-2.2.0-rc1\plugins\sameprop\x64\release\sameprop.tlog\rc.read.1.tlog
f:\workspace\cpp\librecad-2.2.0-rc1\plugins\sameprop\x64\release\sameprop.tlog\rc.write.1.tlog
f:\workspace\cpp\librecad-2.2.0-rc1\plugins\sameprop\x64\release\sameprop.tlog\sameprop.write.1u.tlog
