f:\workspace\cpp\librecad-2.2.0-rc1\plugins\asciifile\generatedfiles\debug\moc_asciifile.cpp
f:\workspace\cpp\librecad-2.2.0-rc1\windows\resources\plugins\asciifiled1.lib
f:\workspace\cpp\librecad-2.2.0-rc1\windows\resources\plugins\asciifiled1.exp
f:\workspace\cpp\librecad-2.2.0-rc1\plugins\asciifile\x64\debug\asciifile.obj
f:\workspace\cpp\librecad-2.2.0-rc1\plugins\asciifile\x64\debug\moc_asciifile.obj
f:\workspace\cpp\librecad-2.2.0-rc1\plugins\asciifile\x64\debug\vc141.pdb
f:\workspace\cpp\librecad-2.2.0-rc1\generated\plugin\asciifile\moc\moc_predefs.h
f:\workspace\cpp\librecad-2.2.0-rc1\windows\resources\plugins\asciifiled1.ilk
f:\workspace\cpp\librecad-2.2.0-rc1\windows\resources\plugins\asciifiled1.dll
f:\workspace\cpp\librecad-2.2.0-rc1\windows\resources\plugins\asciifiled1.pdb
f:\workspace\cpp\librecad-2.2.0-rc1\plugins\asciifile\.\generatedfiles\debug\moc_asciifile.cpp
f:\workspace\cpp\librecad-2.2.0-rc1\plugins\asciifile\x64\debug\asciifiled_resource.res
f:\workspace\cpp\librecad-2.2.0-rc1\plugins\asciifile\..\..\windows\resources\plugins\asciifiled1.dll
f:\workspace\cpp\librecad-2.2.0-rc1\plugins\asciifile\x64\debug\asciifile.tlog\asciifile.write.1u.tlog
f:\workspace\cpp\librecad-2.2.0-rc1\plugins\asciifile\x64\debug\asciifile.tlog\cl.7540.write.1.tlog
f:\workspace\cpp\librecad-2.2.0-rc1\plugins\asciifile\x64\debug\asciifile.tlog\cl.command.1.tlog
f:\workspace\cpp\librecad-2.2.0-rc1\plugins\asciifile\x64\debug\asciifile.tlog\cl.read.1.tlog
f:\workspace\cpp\librecad-2.2.0-rc1\plugins\asciifile\x64\debug\asciifile.tlog\custombuild.command.1.tlog
f:\workspace\cpp\librecad-2.2.0-rc1\plugins\asciifile\x64\debug\asciifile.tlog\custombuild.read.1.tlog
f:\workspace\cpp\librecad-2.2.0-rc1\plugins\asciifile\x64\debug\asciifile.tlog\custombuild.write.1.tlog
f:\workspace\cpp\librecad-2.2.0-rc1\plugins\asciifile\x64\debug\asciifile.tlog\link.command.1.tlog
f:\workspace\cpp\librecad-2.2.0-rc1\plugins\asciifile\x64\debug\asciifile.tlog\link.read.1.tlog
f:\workspace\cpp\librecad-2.2.0-rc1\plugins\asciifile\x64\debug\asciifile.tlog\link.write.1.tlog
f:\workspace\cpp\librecad-2.2.0-rc1\plugins\asciifile\x64\debug\asciifile.tlog\qtmoc.read.1u.tlog
f:\workspace\cpp\librecad-2.2.0-rc1\plugins\asciifile\x64\debug\asciifile.tlog\qtmoc.write.1u.tlog
f:\workspace\cpp\librecad-2.2.0-rc1\plugins\asciifile\x64\debug\asciifile.tlog\rc.command.1.tlog
f:\workspace\cpp\librecad-2.2.0-rc1\plugins\asciifile\x64\debug\asciifile.tlog\rc.read.1.tlog
f:\workspace\cpp\librecad-2.2.0-rc1\plugins\asciifile\x64\debug\asciifile.tlog\rc.write.1.tlog
