f:\workspace\cpp\librecad-2.2.0-rc1\plugins\picfile\x64\debug\moc_picfile.obj
f:\workspace\cpp\librecad-2.2.0-rc1\plugins\picfile\x64\debug\picfile.obj
f:\workspace\cpp\librecad-2.2.0-rc1\plugins\picfile\x64\debug\vc141.pdb
f:\workspace\cpp\librecad-2.2.0-rc1\generated\plugin\picfile\moc\moc_predefs.h
f:\workspace\cpp\librecad-2.2.0-rc1\windows\resources\plugins\picfiled1.ilk
f:\workspace\cpp\librecad-2.2.0-rc1\windows\resources\plugins\picfiled1.dll
f:\workspace\cpp\librecad-2.2.0-rc1\windows\resources\plugins\picfiled1.pdb
f:\workspace\cpp\librecad-2.2.0-rc1\plugins\picfile\generatedfiles\debug\moc_picfile.cpp
f:\workspace\cpp\librecad-2.2.0-rc1\windows\resources\plugins\picfiled1.lib
f:\workspace\cpp\librecad-2.2.0-rc1\windows\resources\plugins\picfiled1.exp
f:\workspace\cpp\librecad-2.2.0-rc1\plugins\picfile\.\generatedfiles\debug\moc_picfile.cpp
f:\workspace\cpp\librecad-2.2.0-rc1\plugins\picfile\x64\debug\picfiled_resource.res
f:\workspace\cpp\librecad-2.2.0-rc1\plugins\picfile\..\..\windows\resources\plugins\picfiled1.dll
f:\workspace\cpp\librecad-2.2.0-rc1\plugins\picfile\x64\debug\picfile.tlog\cl.10280.write.1.tlog
f:\workspace\cpp\librecad-2.2.0-rc1\plugins\picfile\x64\debug\picfile.tlog\cl.command.1.tlog
f:\workspace\cpp\librecad-2.2.0-rc1\plugins\picfile\x64\debug\picfile.tlog\cl.read.1.tlog
f:\workspace\cpp\librecad-2.2.0-rc1\plugins\picfile\x64\debug\picfile.tlog\custombuild.command.1.tlog
f:\workspace\cpp\librecad-2.2.0-rc1\plugins\picfile\x64\debug\picfile.tlog\custombuild.read.1.tlog
f:\workspace\cpp\librecad-2.2.0-rc1\plugins\picfile\x64\debug\picfile.tlog\custombuild.write.1.tlog
f:\workspace\cpp\librecad-2.2.0-rc1\plugins\picfile\x64\debug\picfile.tlog\link.command.1.tlog
f:\workspace\cpp\librecad-2.2.0-rc1\plugins\picfile\x64\debug\picfile.tlog\link.read.1.tlog
f:\workspace\cpp\librecad-2.2.0-rc1\plugins\picfile\x64\debug\picfile.tlog\link.write.1.tlog
f:\workspace\cpp\librecad-2.2.0-rc1\plugins\picfile\x64\debug\picfile.tlog\picfile.write.1u.tlog
f:\workspace\cpp\librecad-2.2.0-rc1\plugins\picfile\x64\debug\picfile.tlog\qtmoc.read.1u.tlog
f:\workspace\cpp\librecad-2.2.0-rc1\plugins\picfile\x64\debug\picfile.tlog\qtmoc.write.1u.tlog
f:\workspace\cpp\librecad-2.2.0-rc1\plugins\picfile\x64\debug\picfile.tlog\rc.command.1.tlog
f:\workspace\cpp\librecad-2.2.0-rc1\plugins\picfile\x64\debug\picfile.tlog\rc.read.1.tlog
f:\workspace\cpp\librecad-2.2.0-rc1\plugins\picfile\x64\debug\picfile.tlog\rc.write.1.tlog
