f:\workspace\cpp\librecad-2.2.0-rc1\plugins\sample\x64\release\moc_sample.obj
f:\workspace\cpp\librecad-2.2.0-rc1\plugins\sample\x64\release\sample.obj
f:\workspace\cpp\librecad-2.2.0-rc1\generated\plugin\sample\moc\moc_predefs.h
f:\workspace\cpp\librecad-2.2.0-rc1\windows\resources\plugins\sample1.dll
f:\workspace\cpp\librecad-2.2.0-rc1\plugins\sample\.\generatedfiles\release\moc_sample.cpp
f:\workspace\cpp\librecad-2.2.0-rc1\plugins\sample\x64\release\sample_resource.res
f:\workspace\cpp\librecad-2.2.0-rc1\plugins\sample\generatedfiles\release\moc_sample.cpp
f:\workspace\cpp\librecad-2.2.0-rc1\windows\resources\plugins\sample1.lib
f:\workspace\cpp\librecad-2.2.0-rc1\windows\resources\plugins\sample1.exp
f:\workspace\cpp\librecad-2.2.0-rc1\plugins\sample\..\..\windows\resources\plugins\sample1.dll
f:\workspace\cpp\librecad-2.2.0-rc1\plugins\sample\x64\release\sample.tlog\cl.11520.write.1.tlog
f:\workspace\cpp\librecad-2.2.0-rc1\plugins\sample\x64\release\sample.tlog\cl.command.1.tlog
f:\workspace\cpp\librecad-2.2.0-rc1\plugins\sample\x64\release\sample.tlog\cl.read.1.tlog
f:\workspace\cpp\librecad-2.2.0-rc1\plugins\sample\x64\release\sample.tlog\custombuild.command.1.tlog
f:\workspace\cpp\librecad-2.2.0-rc1\plugins\sample\x64\release\sample.tlog\custombuild.read.1.tlog
f:\workspace\cpp\librecad-2.2.0-rc1\plugins\sample\x64\release\sample.tlog\custombuild.write.1.tlog
f:\workspace\cpp\librecad-2.2.0-rc1\plugins\sample\x64\release\sample.tlog\link.command.1.tlog
f:\workspace\cpp\librecad-2.2.0-rc1\plugins\sample\x64\release\sample.tlog\link.read.1.tlog
f:\workspace\cpp\librecad-2.2.0-rc1\plugins\sample\x64\release\sample.tlog\link.write.1.tlog
f:\workspace\cpp\librecad-2.2.0-rc1\plugins\sample\x64\release\sample.tlog\qtmoc.read.1u.tlog
f:\workspace\cpp\librecad-2.2.0-rc1\plugins\sample\x64\release\sample.tlog\qtmoc.write.1u.tlog
f:\workspace\cpp\librecad-2.2.0-rc1\plugins\sample\x64\release\sample.tlog\rc.command.1.tlog
f:\workspace\cpp\librecad-2.2.0-rc1\plugins\sample\x64\release\sample.tlog\rc.read.1.tlog
f:\workspace\cpp\librecad-2.2.0-rc1\plugins\sample\x64\release\sample.tlog\rc.write.1.tlog
f:\workspace\cpp\librecad-2.2.0-rc1\plugins\sample\x64\release\sample.tlog\sample.write.1u.tlog
