f:\workspace\cpp\librecad-2.2.0-rc1\plugins\sample\x64\debug\moc_sample.obj
f:\workspace\cpp\librecad-2.2.0-rc1\plugins\sample\x64\debug\sample.obj
f:\workspace\cpp\librecad-2.2.0-rc1\plugins\sample\x64\debug\vc141.pdb
f:\workspace\cpp\librecad-2.2.0-rc1\generated\plugin\sample\moc\moc_predefs.h
f:\workspace\cpp\librecad-2.2.0-rc1\windows\resources\plugins\sampled1.ilk
f:\workspace\cpp\librecad-2.2.0-rc1\windows\resources\plugins\sampled1.dll
f:\workspace\cpp\librecad-2.2.0-rc1\windows\resources\plugins\sampled1.pdb
f:\workspace\cpp\librecad-2.2.0-rc1\plugins\sample\.\generatedfiles\debug\moc_sample.cpp
f:\workspace\cpp\librecad-2.2.0-rc1\plugins\sample\x64\debug\sampled_resource.res
f:\workspace\cpp\librecad-2.2.0-rc1\plugins\sample\generatedfiles\debug\moc_sample.cpp
f:\workspace\cpp\librecad-2.2.0-rc1\windows\resources\plugins\sampled1.lib
f:\workspace\cpp\librecad-2.2.0-rc1\windows\resources\plugins\sampled1.exp
f:\workspace\cpp\librecad-2.2.0-rc1\plugins\sample\..\..\windows\resources\plugins\sampled1.dll
f:\workspace\cpp\librecad-2.2.0-rc1\plugins\sample\x64\debug\sample.tlog\cl.10408.write.1.tlog
f:\workspace\cpp\librecad-2.2.0-rc1\plugins\sample\x64\debug\sample.tlog\cl.command.1.tlog
f:\workspace\cpp\librecad-2.2.0-rc1\plugins\sample\x64\debug\sample.tlog\cl.read.1.tlog
f:\workspace\cpp\librecad-2.2.0-rc1\plugins\sample\x64\debug\sample.tlog\custombuild.command.1.tlog
f:\workspace\cpp\librecad-2.2.0-rc1\plugins\sample\x64\debug\sample.tlog\custombuild.read.1.tlog
f:\workspace\cpp\librecad-2.2.0-rc1\plugins\sample\x64\debug\sample.tlog\custombuild.write.1.tlog
f:\workspace\cpp\librecad-2.2.0-rc1\plugins\sample\x64\debug\sample.tlog\link.command.1.tlog
f:\workspace\cpp\librecad-2.2.0-rc1\plugins\sample\x64\debug\sample.tlog\link.read.1.tlog
f:\workspace\cpp\librecad-2.2.0-rc1\plugins\sample\x64\debug\sample.tlog\link.write.1.tlog
f:\workspace\cpp\librecad-2.2.0-rc1\plugins\sample\x64\debug\sample.tlog\qtmoc.read.1u.tlog
f:\workspace\cpp\librecad-2.2.0-rc1\plugins\sample\x64\debug\sample.tlog\qtmoc.write.1u.tlog
f:\workspace\cpp\librecad-2.2.0-rc1\plugins\sample\x64\debug\sample.tlog\rc.command.1.tlog
f:\workspace\cpp\librecad-2.2.0-rc1\plugins\sample\x64\debug\sample.tlog\rc.read.1.tlog
f:\workspace\cpp\librecad-2.2.0-rc1\plugins\sample\x64\debug\sample.tlog\rc.write.1.tlog
f:\workspace\cpp\librecad-2.2.0-rc1\plugins\sample\x64\debug\sample.tlog\sample.write.1u.tlog
